#
# There is insufficient memory for the Java Runtime Environment to continue.
# Native memory allocation (malloc) failed to allocate 1190256 bytes for Chunk::new
# Possible reasons:
#   The system is out of physical RAM or swap space
#   The process is running with CompressedOops enabled, and the Java Heap may be blocking the growth of the native heap
# Possible solutions:
#   Reduce memory load on the system
#   Increase physical memory or swap space
#   Check if swap backing store is full
#   Decrease Java heap size (-Xmx/-Xms)
#   Decrease number of Java threads
#   Decrease Java thread stack sizes (-Xss)
#   Set larger code cache with -XX:ReservedCodeCacheSize=
#   JVM is running with Unscaled Compressed Oops mode in which the Java heap is
#     placed in the first 4GB address space. The Java Heap base address is the
#     maximum limit for the native heap growth. Please use -XX:HeapBaseMinAddress
#     to set the Java Heap base and to place the Java Heap above 4GB virtual address.
# This output file may be truncated or incomplete.
#
#  Out of Memory Error (allocation.cpp:389), pid=13952, tid=0x0000000000004c64
#
# JRE version: OpenJDK Runtime Environment (8.0_242-b01) (build 1.8.0_242-release-1644-b01)
# Java VM: OpenJDK 64-Bit Server VM (25.242-b01 mixed mode windows-amd64 compressed oops)
# Failed to write core dump. Minidumps are not enabled by default on client versions of Windows
#

---------------  T H R E A D  ---------------

Current thread (0x0000000019c55800):  JavaThread "C2 CompilerThread1" daemon [_thread_in_native, id=19556, stack(0x000000001a4c0000,0x000000001a5c0000)]

Stack: [0x000000001a4c0000,0x000000001a5c0000]
[error occurred during error reporting (printing stack bounds), id 0xc0000005]

Native frames: (J=compiled Java code, j=interpreted, Vv=VM code, C=native code)


Current CompileTask:
C2:   4925 1535   !   4       java.net.URLClassLoader$1::run (63 bytes)


---------------  P R O C E S S  ---------------

Java Threads: ( => current thread )
  0x000000001c673800 JavaThread "Cache worker for file hash cache (C:\Users\kckc0\.gradle\caches\6.5\fileHashes)" [_thread_blocked, id=14956, stack(0x000000001e740000,0x000000001e840000)]
  0x000000001c676800 JavaThread "File lock request listener" [_thread_in_native, id=21344, stack(0x000000001e640000,0x000000001e740000)]
  0x000000001c718800 JavaThread "Cache worker for journal cache (C:\Users\kckc0\.gradle\caches\journal-1)" [_thread_blocked, id=18228, stack(0x000000001e540000,0x000000001e640000)]
  0x000000001c747800 JavaThread "Thread-9" [_thread_blocked, id=5984, stack(0x000000001e240000,0x000000001e340000)]
  0x000000001c6d0800 JavaThread "Stdin handler" [_thread_blocked, id=19416, stack(0x000000001e140000,0x000000001e240000)]
  0x000000001ab72800 JavaThread "Asynchronous log dispatcher for DefaultDaemonConnection: socket connection from /127.0.0.1:60296 to /127.0.0.1:60297" [_thread_blocked, id=5884, stack(0x000000001e040000,0x000000001e140000)]
  0x000000001b446800 JavaThread "Daemon worker" [_thread_in_Java, id=10500, stack(0x000000001df40000,0x000000001e040000)]
  0x000000001c6d6800 JavaThread "Cancel handler" [_thread_blocked, id=8816, stack(0x000000001dd40000,0x000000001de40000)]
  0x000000001c694800 JavaThread "Handler for socket connection from /127.0.0.1:60296 to /127.0.0.1:60297" [_thread_in_native, id=12772, stack(0x000000001dc40000,0x000000001dd40000)]
  0x000000001c692800 JavaThread "Daemon" [_thread_blocked, id=11580, stack(0x000000001db40000,0x000000001dc40000)]
  0x000000001c688000 JavaThread "Daemon periodic checks" [_thread_blocked, id=9884, stack(0x000000001d840000,0x000000001d940000)]
  0x000000001c5f2800 JavaThread "Incoming local TCP Connector on port 60296" [_thread_in_native, id=14900, stack(0x000000001d660000,0x000000001d760000)]
  0x000000001c574800 JavaThread "Daemon health stats" [_thread_blocked, id=11744, stack(0x000000001d360000,0x000000001d460000)]
  0x0000000019cec800 JavaThread "Service Thread" daemon [_thread_blocked, id=17928, stack(0x000000001a7c0000,0x000000001a8c0000)]
  0x0000000019c5e000 JavaThread "C1 CompilerThread3" daemon [_thread_in_native, id=21024, stack(0x000000001a6c0000,0x000000001a7c0000)]
  0x0000000019c58800 JavaThread "C2 CompilerThread2" daemon [_thread_in_native, id=20132, stack(0x000000001a5c0000,0x000000001a6c0000)]
=>0x0000000019c55800 JavaThread "C2 CompilerThread1" daemon [_thread_in_native, id=19556, stack(0x000000001a4c0000,0x000000001a5c0000)]
  0x0000000019bfe800 JavaThread "C2 CompilerThread0" daemon [_thread_in_native, id=16708, stack(0x000000001a3c0000,0x000000001a4c0000)]
  0x0000000019bfc800 JavaThread "Attach Listener" daemon [_thread_blocked, id=21312, stack(0x000000001a2c0000,0x000000001a3c0000)]
  0x0000000019bfb800 JavaThread "Signal Dispatcher" daemon [_thread_blocked, id=9304, stack(0x000000001a1c0000,0x000000001a2c0000)]
  0x0000000019be0800 JavaThread "Finalizer" daemon [_thread_blocked, id=18200, stack(0x000000001a0c0000,0x000000001a1c0000)]
  0x0000000017ddc000 JavaThread "Reference Handler" daemon [_thread_blocked, id=6628, stack(0x0000000019fc0000,0x000000001a0c0000)]
  0x0000000002c6e800 JavaThread "main" [_thread_blocked, id=14092, stack(0x0000000002a80000,0x0000000002b80000)]

Other Threads:
  0x0000000017dd7800 VMThread [stack: 0x0000000019ac0000,0x0000000019bc0000] [id=20524]
  0x0000000019ced000 WatcherThread [stack: 0x000000001a8c0000,0x000000001a9c0000] [id=940]

VM state:not at safepoint (normal execution)

VM Mutex/Monitor currently owned by a thread: None

heap address: 0x0000000080000000, size: 2048 MB, Compressed Oops mode: 32-bit
Narrow klass base: 0x0000000000000000, Narrow klass shift: 3
Compressed class space size: 1073741824 Address: 0x0000000100000000

Heap:
 PSYoungGen      total 37888K, used 36843K [0x00000000d5580000, 0x00000000d9f80000, 0x0000000100000000)
  eden space 32768K, 96% used [0x00000000d5580000,0x00000000d7481e68,0x00000000d7580000)
  from space 5120K, 99% used [0x00000000d7a80000,0x00000000d7f79070,0x00000000d7f80000)
  to   space 5120K, 0% used [0x00000000d7580000,0x00000000d7580000,0x00000000d7a80000)
 ParOldGen       total 86016K, used 3796K [0x0000000080000000, 0x0000000085400000, 0x00000000d5580000)
  object space 86016K, 4% used [0x0000000080000000,0x00000000803b5078,0x0000000085400000)
 Metaspace       used 17526K, capacity 18128K, committed 18304K, reserved 1064960K
  class space    used 2393K, capacity 2568K, committed 2688K, reserved 1048576K

Card table byte_map: [0x0000000012130000,0x0000000012540000] byte_map_base: 0x0000000011d30000

Marking Bits: (ParMarkBitMap*) 0x0000000056fef030
 Begin Bits: [0x0000000012ff0000, 0x0000000014ff0000)
 End Bits:   [0x0000000014ff0000, 0x0000000016ff0000)

Polling page: 0x0000000000a10000

CodeCache: size=245760Kb used=5650Kb max_used=5656Kb free=240109Kb
 bounds [0x0000000002d70000, 0x0000000003300000, 0x0000000011d70000]
 total_blobs=1987 nmethods=1584 adapters=316
 compilation: enabled

Compilation events (10 events):
Event: 4.902 Thread 0x0000000019c58800 nmethod 1582 0x00000000032f6750 code [0x00000000032f6880, 0x00000000032f68d8]
Event: 4.904 Thread 0x0000000019c5e000 1583       3       java.lang.StringBuilder::append (10 bytes)
Event: 4.905 Thread 0x0000000019c5e000 nmethod 1583 0x00000000032f63d0 code [0x00000000032f6540, 0x00000000032f66c8]
Event: 4.905 Thread 0x0000000019c5e000 1584       1       com.google.common.io.LineReader::access$000 (5 bytes)
Event: 4.905 Thread 0x0000000019c5e000 nmethod 1584 0x00000000032f6110 code [0x00000000032f6260, 0x00000000032f6350]
Event: 4.906 Thread 0x0000000019c5e000 1585       3       java.net.URLConnection::<init> (44 bytes)
Event: 4.907 Thread 0x0000000019c5e000 nmethod 1585 0x00000000032f5cd0 code [0x00000000032f5e40, 0x00000000032f6050]
Event: 4.907 Thread 0x0000000019c5e000 1586  s    3       java.io.ExpiringCache::get (39 bytes)
Event: 4.907 Thread 0x0000000019c5e000 nmethod 1586 0x00000000032f7750 code [0x00000000032f78e0, 0x00000000032f7d18]
Event: 4.912 Thread 0x0000000019c58800 1587   !   4       java.util.zip.ZipFile$ZipFileInflaterInputStream::close (67 bytes)

GC Heap History (8 events):
Event: 1.314 GC heap before
{Heap before GC invocations=1 (full 0):
 PSYoungGen      total 37888K, used 32768K [0x00000000d5580000, 0x00000000d7f80000, 0x0000000100000000)
  eden space 32768K, 100% used [0x00000000d5580000,0x00000000d7580000,0x00000000d7580000)
  from space 5120K, 0% used [0x00000000d7a80000,0x00000000d7a80000,0x00000000d7f80000)
  to   space 5120K, 0% used [0x00000000d7580000,0x00000000d7580000,0x00000000d7a80000)
 ParOldGen       total 86016K, used 0K [0x0000000080000000, 0x0000000085400000, 0x00000000d5580000)
  object space 86016K, 0% used [0x0000000080000000,0x0000000080000000,0x0000000085400000)
 Metaspace       used 7608K, capacity 7914K, committed 8064K, reserved 1056768K
  class space    used 936K, capacity 1041K, committed 1152K, reserved 1048576K
Event: 1.319 GC heap after
Heap after GC invocations=1 (full 0):
 PSYoungGen      total 37888K, used 4847K [0x00000000d5580000, 0x00000000d7f80000, 0x0000000100000000)
  eden space 32768K, 0% used [0x00000000d5580000,0x00000000d5580000,0x00000000d7580000)
  from space 5120K, 94% used [0x00000000d7580000,0x00000000d7a3bda0,0x00000000d7a80000)
  to   space 5120K, 0% used [0x00000000d7a80000,0x00000000d7a80000,0x00000000d7f80000)
 ParOldGen       total 86016K, used 16K [0x0000000080000000, 0x0000000085400000, 0x00000000d5580000)
  object space 86016K, 0% used [0x0000000080000000,0x0000000080004000,0x0000000085400000)
 Metaspace       used 7608K, capacity 7914K, committed 8064K, reserved 1056768K
  class space    used 936K, capacity 1041K, committed 1152K, reserved 1048576K
}
Event: 1.854 GC heap before
{Heap before GC invocations=2 (full 0):
 PSYoungGen      total 37888K, used 37615K [0x00000000d5580000, 0x00000000d7f80000, 0x0000000100000000)
  eden space 32768K, 100% used [0x00000000d5580000,0x00000000d7580000,0x00000000d7580000)
  from space 5120K, 94% used [0x00000000d7580000,0x00000000d7a3bda0,0x00000000d7a80000)
  to   space 5120K, 0% used [0x00000000d7a80000,0x00000000d7a80000,0x00000000d7f80000)
 ParOldGen       total 86016K, used 16K [0x0000000080000000, 0x0000000085400000, 0x00000000d5580000)
  object space 86016K, 0% used [0x0000000080000000,0x0000000080004000,0x0000000085400000)
 Metaspace       used 7838K, capacity 8118K, committed 8320K, reserved 1056768K
  class space    used 954K, capacity 1045K, committed 1152K, reserved 1048576K
Event: 1.858 GC heap after
Heap after GC invocations=2 (full 0):
 PSYoungGen      total 37888K, used 3594K [0x00000000d5580000, 0x00000000d7f80000, 0x0000000100000000)
  eden space 32768K, 0% used [0x00000000d5580000,0x00000000d5580000,0x00000000d7580000)
  from space 5120K, 70% used [0x00000000d7a80000,0x00000000d7e02bf8,0x00000000d7f80000)
  to   space 5120K, 0% used [0x00000000d7580000,0x00000000d7580000,0x00000000d7a80000)
 ParOldGen       total 86016K, used 24K [0x0000000080000000, 0x0000000085400000, 0x00000000d5580000)
  object space 86016K, 0% used [0x0000000080000000,0x0000000080006000,0x0000000085400000)
 Metaspace       used 7838K, capacity 8118K, committed 8320K, reserved 1056768K
  class space    used 954K, capacity 1045K, committed 1152K, reserved 1048576K
}
Event: 4.253 GC heap before
{Heap before GC invocations=3 (full 0):
 PSYoungGen      total 37888K, used 36362K [0x00000000d5580000, 0x00000000d7f80000, 0x0000000100000000)
  eden space 32768K, 100% used [0x00000000d5580000,0x00000000d7580000,0x00000000d7580000)
  from space 5120K, 70% used [0x00000000d7a80000,0x00000000d7e02bf8,0x00000000d7f80000)
  to   space 5120K, 0% used [0x00000000d7580000,0x00000000d7580000,0x00000000d7a80000)
 ParOldGen       total 86016K, used 24K [0x0000000080000000, 0x0000000085400000, 0x00000000d5580000)
  object space 86016K, 0% used [0x0000000080000000,0x0000000080006000,0x0000000085400000)
 Metaspace       used 11939K, capacity 12346K, committed 12544K, reserved 1060864K
  class space    used 1579K, capacity 1685K, committed 1792K, reserved 1048576K
Event: 4.259 GC heap after
Heap after GC invocations=3 (full 0):
 PSYoungGen      total 37888K, used 5097K [0x00000000d5580000, 0x00000000d7f80000, 0x0000000100000000)
  eden space 32768K, 0% used [0x00000000d5580000,0x00000000d5580000,0x00000000d7580000)
  from space 5120K, 99% used [0x00000000d7580000,0x00000000d7a7a630,0x00000000d7a80000)
  to   space 5120K, 0% used [0x00000000d7a80000,0x00000000d7a80000,0x00000000d7f80000)
 ParOldGen       total 86016K, used 1197K [0x0000000080000000, 0x0000000085400000, 0x00000000d5580000)
  object space 86016K, 1% used [0x0000000080000000,0x000000008012b700,0x0000000085400000)
 Metaspace       used 11939K, capacity 12346K, committed 12544K, reserved 1060864K
  class space    used 1579K, capacity 1685K, committed 1792K, reserved 1048576K
}
Event: 4.608 GC heap before
{Heap before GC invocations=4 (full 0):
 PSYoungGen      total 37888K, used 37865K [0x00000000d5580000, 0x00000000d7f80000, 0x0000000100000000)
  eden space 32768K, 100% used [0x00000000d5580000,0x00000000d7580000,0x00000000d7580000)
  from space 5120K, 99% used [0x00000000d7580000,0x00000000d7a7a630,0x00000000d7a80000)
  to   space 5120K, 0% used [0x00000000d7a80000,0x00000000d7a80000,0x00000000d7f80000)
 ParOldGen       total 86016K, used 1197K [0x0000000080000000, 0x0000000085400000, 0x00000000d5580000)
  object space 86016K, 1% used [0x0000000080000000,0x000000008012b700,0x0000000085400000)
 Metaspace       used 14718K, capacity 15234K, committed 15488K, reserved 1062912K
  class space    used 1996K, capacity 2157K, committed 2176K, reserved 1048576K
Event: 4.618 GC heap after
Heap after GC invocations=4 (full 0):
 PSYoungGen      total 37888K, used 5092K [0x00000000d5580000, 0x00000000d9f80000, 0x0000000100000000)
  eden space 32768K, 0% used [0x00000000d5580000,0x00000000d5580000,0x00000000d7580000)
  from space 5120K, 99% used [0x00000000d7a80000,0x00000000d7f79070,0x00000000d7f80000)
  to   space 5120K, 0% used [0x00000000d7580000,0x00000000d7580000,0x00000000d7a80000)
 ParOldGen       total 86016K, used 3796K [0x0000000080000000, 0x0000000085400000, 0x00000000d5580000)
  object space 86016K, 4% used [0x0000000080000000,0x00000000803b5078,0x0000000085400000)
 Metaspace       used 14718K, capacity 15234K, committed 15488K, reserved 1062912K
  class space    used 1996K, capacity 2157K, committed 2176K, reserved 1048576K
}

Deoptimization events (10 events):
Event: 4.529 Thread 0x000000001b446800 Uncommon trap: reason=class_check action=maybe_recompile pc=0x00000000030ac4d8 method=java.util.regex.Matcher.match(II)Z @ 86
Event: 4.529 Thread 0x000000001b446800 Uncommon trap: reason=class_check action=maybe_recompile pc=0x00000000030ac4d8 method=java.util.regex.Matcher.match(II)Z @ 86
Event: 4.529 Thread 0x000000001b446800 Uncommon trap: reason=class_check action=maybe_recompile pc=0x0000000002f2e44c method=java.util.regex.Matcher.match(II)Z @ 86
Event: 4.659 Thread 0x000000001b446800 Uncommon trap: reason=unstable_if action=reinterpret pc=0x00000000030aa64c method=java.io.File.getName()Ljava/lang/String; @ 16
Event: 4.659 Thread 0x000000001b446800 Uncommon trap: reason=unstable_if action=reinterpret pc=0x00000000030a8f54 method=java.lang.String.substring(I)Ljava/lang/String; @ 35
Event: 4.851 Thread 0x000000001b446800 Uncommon trap: reason=unstable_if action=reinterpret pc=0x00000000030aae30 method=java.util.LinkedHashMap.afterNodeInsertion(Z)V @ 1
Event: 4.852 Thread 0x000000001b446800 Uncommon trap: reason=unstable_if action=reinterpret pc=0x0000000002fe5c84 method=java.util.HashMap.getNode(ILjava/lang/Object;)Ljava/util/HashMap$Node; @ 129
Event: 4.852 Thread 0x000000001b446800 Uncommon trap: reason=bimorphic action=maybe_recompile pc=0x000000000323a134 method=java.util.HashMap.putVal(ILjava/lang/Object;Ljava/lang/Object;ZZ)Ljava/lang/Object; @ 203
Event: 4.854 Thread 0x000000001b446800 Uncommon trap: reason=unstable_if action=reinterpret pc=0x0000000002fdfb10 method=java.util.HashMap.getNode(ILjava/lang/Object;)Ljava/util/HashMap$Node; @ 129
Event: 4.854 Thread 0x000000001b446800 Uncommon trap: reason=bimorphic action=maybe_recompile pc=0x000000000323a134 method=java.util.HashMap.putVal(ILjava/lang/Object;Ljava/lang/Object;ZZ)Ljava/lang/Object; @ 203

Classes redefined (0 events):
No events

Internal exceptions (10 events):
Event: 4.250 Thread 0x000000001c694800 Exception <a 'java/lang/NoSuchMethodError': <clinit>> (0x00000000d75645f0) thrown at [C:\src\AOSP-openjdk-git\hotspot\src\share\vm\prims\jni.cpp, line 1615]
Event: 4.252 Thread 0x000000001c694800 Exception <a 'java/lang/NoSuchMethodError': <clinit>> (0x00000000d7578bd8) thrown at [C:\src\AOSP-openjdk-git\hotspot\src\share\vm\prims\jni.cpp, line 1615]
Event: 4.273 Thread 0x000000001c694800 Exception <a 'java/lang/NoSuchMethodError': <clinit>> (0x00000000d5608310) thrown at [C:\src\AOSP-openjdk-git\hotspot\src\share\vm\prims\jni.cpp, line 1615]
Event: 4.282 Thread 0x000000001c694800 Exception <a 'java/lang/NoSuchMethodError': <clinit>> (0x00000000d5642cd8) thrown at [C:\src\AOSP-openjdk-git\hotspot\src\share\vm\prims\jni.cpp, line 1615]
Event: 4.287 Thread 0x000000001c694800 Exception <a 'java/lang/NoSuchMethodError': <clinit>> (0x00000000d5678928) thrown at [C:\src\AOSP-openjdk-git\hotspot\src\share\vm\prims\jni.cpp, line 1615]
Event: 4.289 Thread 0x000000001c694800 Exception <a 'java/lang/NoSuchMethodError': <clinit>> (0x00000000d5684e58) thrown at [C:\src\AOSP-openjdk-git\hotspot\src\share\vm\prims\jni.cpp, line 1615]
Event: 4.694 Thread 0x000000001b446800 Exception <a 'java/lang/NoSuchMethodError': java.lang.Object.lambda$and$0(Ljava/util/function/Predicate;Ljava/lang/Object;)Z> (0x00000000d5aa0688) thrown at [C:\src\AOSP-openjdk-git\hotspot\src\share\vm\interpreter\linkResolver.cpp, line 620]
Event: 4.698 Thread 0x000000001b446800 Exception <a 'java/lang/IncompatibleClassChangeError': Found class java.lang.Object, but interface was expected> (0x00000000d5ab0980) thrown at [C:\src\AOSP-openjdk-git\hotspot\src\share\vm\interpreter\linkResolver.cpp, line 653]
Event: 4.700 Thread 0x000000001b446800 Exception <a 'java/lang/NoSuchMethodError': java.lang.Object.lambda$or$2(Ljava/util/function/Predicate;Ljava/lang/Object;)Z> (0x00000000d5ab54d0) thrown at [C:\src\AOSP-openjdk-git\hotspot\src\share\vm\interpreter\linkResolver.cpp, line 620]
Event: 4.887 Thread 0x000000001b446800 Exception <a 'java/lang/NoSuchMethodError': java.lang.Object.lambda$static$0(Lorg/gradle/internal/state/ModelObject;)Ljava/lang/String;> (0x00000000d7285fd0) thrown at [C:\src\AOSP-openjdk-git\hotspot\src\share\vm\interpreter\linkResolver.cpp, line 620]

Events (10 events):
Event: 4.917 loading class com/google/common/base/CharMatcher$SingleWidth
Event: 4.917 loading class com/google/common/base/CharMatcher$SingleWidth done
Event: 4.919 loading class com/google/common/base/CharMatcher$IsEither
Event: 4.919 loading class com/google/common/base/CharMatcher$IsEither done
Event: 4.919 loading class com/google/common/base/CharMatcher$AnyOf
Event: 4.919 loading class com/google/common/base/CharMatcher$AnyOf done
Event: 4.920 loading class com/google/common/base/CharMatcher$1
Event: 4.920 loading class com/google/common/base/CharMatcher$1 done
Event: 4.921 loading class com/google/common/base/CharMatcher$NegatedFastMatcher
Event: 4.921 loading class com/google/common/base/CharMatcher$NegatedFastMatcher done


Dynamic libraries:
0x00007ff67f020000 - 0x00007ff67f051000 	C:\Program Files\Android\Android Studio\jre\bin\java.exe
0x00007ffc21b60000 - 0x00007ffc21d50000 	C:\WINDOWS\SYSTEM32\ntdll.dll
0x00007ffc211d0000 - 0x00007ffc21282000 	C:\WINDOWS\System32\KERNEL32.DLL
0x00007ffc1eda0000 - 0x00007ffc1f045000 	C:\WINDOWS\System32\KERNELBASE.dll
0x00007ffc21290000 - 0x00007ffc21333000 	C:\WINDOWS\System32\ADVAPI32.dll
0x00007ffc21340000 - 0x00007ffc213de000 	C:\WINDOWS\System32\msvcrt.dll
0x00007ffc207b0000 - 0x00007ffc20847000 	C:\WINDOWS\System32\sechost.dll
0x00007ffc203e0000 - 0x00007ffc20500000 	C:\WINDOWS\System32\RPCRT4.dll
0x00007ffc20500000 - 0x00007ffc20694000 	C:\WINDOWS\System32\USER32.dll
0x00007ffc1f7e0000 - 0x00007ffc1f801000 	C:\WINDOWS\System32\win32u.dll
0x00007ffc20850000 - 0x00007ffc20876000 	C:\WINDOWS\System32\GDI32.dll
0x00007ffc1eb00000 - 0x00007ffc1ec96000 	C:\WINDOWS\System32\gdi32full.dll
0x00007ffc1ed00000 - 0x00007ffc1ed9e000 	C:\WINDOWS\System32\msvcp_win.dll
0x00007ffc1fa60000 - 0x00007ffc1fb5a000 	C:\WINDOWS\System32\ucrtbase.dll
0x00007ffc0a250000 - 0x00007ffc0a4d4000 	C:\WINDOWS\WinSxS\amd64_microsoft.windows.common-controls_6595b64144ccf1df_6.0.18362.1256_none_9e7e379be45e40e2\COMCTL32.dll
0x00007ffc20b00000 - 0x00007ffc20e36000 	C:\WINDOWS\System32\combase.dll
0x00007ffc1f810000 - 0x00007ffc1f891000 	C:\WINDOWS\System32\bcryptPrimitives.dll
0x00007ffc20780000 - 0x00007ffc207ae000 	C:\WINDOWS\System32\IMM32.DLL
0x0000000056660000 - 0x0000000056732000 	C:\Program Files\Android\Android Studio\jre\jre\bin\msvcr100.dll
0x0000000056820000 - 0x000000005706b000 	C:\Program Files\Android\Android Studio\jre\jre\bin\server\jvm.dll
0x00007ffc21a60000 - 0x00007ffc21a68000 	C:\WINDOWS\System32\PSAPI.DLL
0x00007ffc0c2d0000 - 0x00007ffc0c2d9000 	C:\WINDOWS\SYSTEM32\WSOCK32.dll
0x00007ffc21090000 - 0x00007ffc210ff000 	C:\WINDOWS\System32\WS2_32.dll
0x00007ffc1b1f0000 - 0x00007ffc1b214000 	C:\WINDOWS\SYSTEM32\WINMM.dll
0x00007ffc12090000 - 0x00007ffc1209a000 	C:\WINDOWS\SYSTEM32\VERSION.dll
0x00007ffc1b1c0000 - 0x00007ffc1b1ed000 	C:\WINDOWS\SYSTEM32\winmmbase.dll
0x00007ffc1f8a0000 - 0x00007ffc1f8ea000 	C:\WINDOWS\System32\cfgmgr32.dll
0x00007ffc17bb0000 - 0x00007ffc17bbf000 	C:\Program Files\Android\Android Studio\jre\jre\bin\verify.dll
0x00007ffc145a0000 - 0x00007ffc145c9000 	C:\Program Files\Android\Android Studio\jre\jre\bin\java.dll
0x00007ffc11480000 - 0x00007ffc11496000 	C:\Program Files\Android\Android Studio\jre\jre\bin\zip.dll
0x00007ffc1fc10000 - 0x00007ffc202f7000 	C:\WINDOWS\System32\SHELL32.dll
0x00007ffc21850000 - 0x00007ffc218f9000 	C:\WINDOWS\System32\shcore.dll
0x00007ffc1f050000 - 0x00007ffc1f7d1000 	C:\WINDOWS\System32\windows.storage.dll
0x00007ffc1eaa0000 - 0x00007ffc1eac3000 	C:\WINDOWS\System32\profapi.dll
0x00007ffc1ea10000 - 0x00007ffc1ea5a000 	C:\WINDOWS\System32\powrprof.dll
0x00007ffc1ea00000 - 0x00007ffc1ea10000 	C:\WINDOWS\System32\UMPDC.dll
0x00007ffc21020000 - 0x00007ffc21072000 	C:\WINDOWS\System32\shlwapi.dll
0x00007ffc1ea80000 - 0x00007ffc1ea91000 	C:\WINDOWS\System32\kernel.appcore.dll
0x00007ffc1f8f0000 - 0x00007ffc1f907000 	C:\WINDOWS\System32\cryptsp.dll
0x00007ffc11460000 - 0x00007ffc1147a000 	C:\Program Files\Android\Android Studio\jre\jre\bin\net.dll
0x00007ffc1e250000 - 0x00007ffc1e2b7000 	C:\WINDOWS\system32\mswsock.dll
0x00007ffc113d0000 - 0x00007ffc113e3000 	C:\Program Files\Android\Android Studio\jre\jre\bin\nio.dll
0x00007ffc0f6b0000 - 0x00007ffc0f6d7000 	C:\Users\kckc0\.gradle\native\f6784746aeab05261644944871eae4fe03e0ef1612fff0a4a95f87b438bc6780\windows-amd64\native-platform.dll
0x00007ffc17ba0000 - 0x00007ffc17bad000 	C:\Program Files\Android\Android Studio\jre\jre\bin\management.dll
0x00007ffc1dd50000 - 0x00007ffc1dd83000 	C:\WINDOWS\system32\rsaenh.dll
0x00007ffc1ead0000 - 0x00007ffc1eaf6000 	C:\WINDOWS\System32\bcrypt.dll
0x00007ffc1e920000 - 0x00007ffc1e945000 	C:\WINDOWS\SYSTEM32\USERENV.dll
0x00007ffc1e420000 - 0x00007ffc1e42c000 	C:\WINDOWS\SYSTEM32\CRYPTBASE.dll
0x00007ffc1df40000 - 0x00007ffc1df7a000 	C:\WINDOWS\SYSTEM32\IPHLPAPI.DLL
0x00007ffc21080000 - 0x00007ffc21088000 	C:\WINDOWS\System32\NSI.dll
0x00007ffc17bf0000 - 0x00007ffc17c06000 	C:\WINDOWS\SYSTEM32\dhcpcsvc6.DLL
0x00007ffc17d00000 - 0x00007ffc17d1c000 	C:\WINDOWS\SYSTEM32\dhcpcsvc.DLL
0x00007ffc1df80000 - 0x00007ffc1e04b000 	C:\WINDOWS\SYSTEM32\DNSAPI.dll
0x00007ffc18cf0000 - 0x00007ffc18cfb000 	C:\WINDOWS\SYSTEM32\WINNSI.DLL

VM Arguments:
jvm_args: -Xmx2048m -Dfile.encoding=UTF-8 -Duser.country=KR -Duser.language=ko -Duser.variant 
java_command: org.gradle.launcher.daemon.bootstrap.GradleDaemon 6.5
java_class_path (initial): C:\Users\kckc0\.gradle\wrapper\dists\gradle-6.5-bin\6nifqtx7604sqp1q6g8wikw7p\gradle-6.5\lib\gradle-launcher-6.5.jar
Launcher Type: SUN_STANDARD

Environment Variables:
JAVA_HOME=C:\Program Files\Java\jdk-14.0.2
PATH=C:\Program Files (x86)\Intel\iCLS Client\;C:\Program Files\Intel\iCLS Client\;C:\WINDOWS\system32;C:\WINDOWS;C:\WINDOWS\System32\Wbem;C:\WINDOWS\System32\WindowsPowerShell\v1.0\;C:\WINDOWS\System32\OpenSSH\;C:\Program Files (x86)\Intel\Intel(R) Management Engine Components\DAL;C:\Program Files\Intel\Intel(R) Management Engine Components\DAL;C:\Program Files (x86)\Intel\Intel(R) Management Engine Components\IPT;C:\Program Files\Intel\Intel(R) Management Engine Components\IPT;C:\MinGW\bin;C:\Program Files\Java\jdk-14.0.2\bin\;C:\Users\kckc0\Desktop\dex2jar-2.x;C:\Program Files\Git\cmd;C:\Users\kckc0\anaconda3;C:\Users\kckc0\anaconda3\Library\mingw-w64\bin;C:\Users\kckc0\anaconda3\Library\usr\bin;C:\Users\kckc0\anaconda3\Library\bin;C:\Users\kckc0\anaconda3\Scripts;C:\Users\kckc0\AppData\Local\Programs\Python\Python38\Scripts\;C:\Users\kckc0\AppData\Local\Programs\Python\Python38\;C:\Users\kckc0\AppData\Local\Microsoft\WindowsApps;C:\Program Files\JetBrains\PyCharm Community Edition 2020.2.2\bin;C:\Users\kckc0\AppData\Local\Programs\Microsoft VS Code\bin;C:\Users\kckc0\AppData\Local\atom\bin;C:\Program Files\JetBrains\CLion 2020.2.3\bin;;C:\Users\kckc0\AppData\Local\GitHubDesktop\bin
USERNAME=kckc0
OS=Windows_NT
PROCESSOR_IDENTIFIER=Intel64 Family 6 Model 142 Stepping 10, GenuineIntel



---------------  S Y S T E M  ---------------

OS: Windows 10.0 , 64 bit Build 18362 (10.0.18362.1110)

CPU:total 8 (initial active 8) (4 cores per cpu, 2 threads per core) family 6 model 142 stepping 10, cmov, cx8, fxsr, mmx, sse, sse2, sse3, ssse3, sse4.1, sse4.2, popcnt, avx, avx2, aes, clmul, erms, 3dnowpref, lzcnt, ht, tsc, tscinvbit, bmi1, bmi2, adx

Memory: 4k page, physical 8217940k(1865496k free), swap 33383764k(2256k free)

vm_info: OpenJDK 64-Bit Server VM (25.242-b01) for windows-amd64 JRE (1.8.0_242-release-1644-b01), built by "builder" with MS VC++ 10.0 (VS2010)

time: Sat Jan 02 17:51:53 2021
timezone: 대한민국 표준시
elapsed time: 4 seconds (0d 0h 0m 4s)

