#
# There is insufficient memory for the Java Runtime Environment to continue.
# Native memory allocation (malloc) failed to allocate 279456 bytes for Chunk::new
# Possible reasons:
#   The system is out of physical RAM or swap space
#   The process is running with CompressedOops enabled, and the Java Heap may be blocking the growth of the native heap
# Possible solutions:
#   Reduce memory load on the system
#   Increase physical memory or swap space
#   Check if swap backing store is full
#   Decrease Java heap size (-Xmx/-Xms)
#   Decrease number of Java threads
#   Decrease Java thread stack sizes (-Xss)
#   Set larger code cache with -XX:ReservedCodeCacheSize=
#   JVM is running with Unscaled Compressed Oops mode in which the Java heap is
#     placed in the first 4GB address space. The Java Heap base address is the
#     maximum limit for the native heap growth. Please use -XX:HeapBaseMinAddress
#     to set the Java Heap base and to place the Java Heap above 4GB virtual address.
# This output file may be truncated or incomplete.
#
#  Out of Memory Error (allocation.cpp:389), pid=14080, tid=0x0000000000004f54
#
# JRE version: OpenJDK Runtime Environment (8.0_242-b01) (build 1.8.0_242-release-1644-b01)
# Java VM: OpenJDK 64-Bit Server VM (25.242-b01 mixed mode windows-amd64 compressed oops)
# Failed to write core dump. Minidumps are not enabled by default on client versions of Windows
#

---------------  T H R E A D  ---------------

Current thread (0x0000000019774000):  JavaThread "C2 CompilerThread1" daemon [_thread_in_native, id=20308, stack(0x0000000019fe0000,0x000000001a0e0000)]

Stack: [0x0000000019fe0000,0x000000001a0e0000]
[error occurred during error reporting (printing stack bounds), id 0xc0000005]

Native frames: (J=compiled Java code, j=interpreted, Vv=VM code, C=native code)


Current CompileTask:
C2: 595535 9588       4       org.apache.commons.io.FilenameUtils::doNormalize (534 bytes)


---------------  P R O C E S S  ---------------

Java Threads: ( => current thread )
  0x000000002138c000 JavaThread "jar transforms Thread 105" [_thread_blocked, id=19864, stack(0x00000000236c0000,0x00000000237c0000)]
  0x000000002138c800 JavaThread "jar transforms Thread 104" [_thread_blocked, id=6528, stack(0x00000000235c0000,0x00000000236c0000)]
  0x0000000021383000 JavaThread "jar transforms Thread 103" [_thread_blocked, id=18352, stack(0x00000000234c0000,0x00000000235c0000)]
  0x0000000021386000 JavaThread "jar transforms Thread 102" [_thread_blocked, id=10428, stack(0x00000000233c0000,0x00000000234c0000)]
  0x0000000021385000 JavaThread "jar transforms Thread 101" [_thread_blocked, id=3832, stack(0x00000000232c0000,0x00000000233c0000)]
  0x0000000021388000 JavaThread "jar transforms Thread 100" [_thread_blocked, id=17624, stack(0x00000000231c0000,0x00000000232c0000)]
  0x0000000021386800 JavaThread "jar transforms Thread 99" [_thread_blocked, id=19764, stack(0x00000000230c0000,0x00000000231c0000)]
  0x000000001c470000 JavaThread "jar transforms Thread 98" [_thread_blocked, id=724, stack(0x0000000022fc0000,0x00000000230c0000)]
  0x000000001c46f000 JavaThread "jar transforms Thread 97" [_thread_blocked, id=20856, stack(0x0000000021c20000,0x0000000021d20000)]
  0x000000001c46e800 JavaThread "jar transforms Thread 96" [_thread_blocked, id=19992, stack(0x0000000020b00000,0x0000000020c00000)]
  0x000000001c471800 JavaThread "jar transforms Thread 95" [_thread_blocked, id=3224, stack(0x0000000020a00000,0x0000000020b00000)]
  0x000000001c467000 JavaThread "jar transforms Thread 94" [_thread_blocked, id=5012, stack(0x0000000020900000,0x0000000020a00000)]
  0x000000001c46d800 JavaThread "jar transforms Thread 93" [_thread_blocked, id=1580, stack(0x0000000020800000,0x0000000020900000)]
  0x000000001c466000 JavaThread "Cache worker for cache directory md-rule (C:\Users\kckc0\.gradle\caches\6.5\md-rule)" [_thread_blocked, id=5968, stack(0x0000000020700000,0x0000000020800000)]
  0x000000001c46d000 JavaThread "Cache worker for cache directory md-supplier (C:\Users\kckc0\.gradle\caches\6.5\md-supplier)" [_thread_blocked, id=19416, stack(0x0000000020600000,0x0000000020700000)]
  0x000000001c46c000 JavaThread "Cache worker for checksums cache (C:\Users\kckc0\Documents\GitHub\DoItAndroidProgramming\Ex19\.gradle\checksums)" [_thread_blocked, id=20424, stack(0x0000000020500000,0x0000000020600000)]
  0x000000001c463000 JavaThread "Cache worker for file hash cache (C:\Users\kckc0\Documents\GitHub\DoItAndroidProgramming\Ex19\.gradle\6.5\fileHashes)" [_thread_blocked, id=21024, stack(0x000000001dd60000,0x000000001de60000)]
  0x000000001c467800 JavaThread "Thread-134" [_thread_blocked, id=17264, stack(0x000000001da60000,0x000000001db60000)]
  0x000000001c46a000 JavaThread "Stdin handler" [_thread_blocked, id=6340, stack(0x000000001d860000,0x000000001d960000)]
  0x000000001c464800 JavaThread "Asynchronous log dispatcher for DefaultDaemonConnection: socket connection from /127.0.0.1:59940 to /127.0.0.1:60145" [_thread_blocked, id=9940, stack(0x000000001d760000,0x000000001d860000)]
  0x000000001c468800 JavaThread "Daemon worker Thread 2" [_thread_in_native, id=11672, stack(0x000000001d660000,0x000000001d760000)]
  0x000000001c469000 JavaThread "Cancel handler" [_thread_blocked, id=10876, stack(0x00000000007f0000,0x00000000008f0000)]
  0x000000001c465800 JavaThread "Handler for socket connection from /127.0.0.1:59940 to /127.0.0.1:60145" [_thread_in_native, id=10312, stack(0x00000000006f0000,0x00000000007f0000)]
  0x000000001c464000 JavaThread "Daemon Thread 2" [_thread_blocked, id=18244, stack(0x00000000005f0000,0x00000000006f0000)]
  0x000000001ac5d800 JavaThread "Memory manager" [_thread_blocked, id=12188, stack(0x000000002cdb0000,0x000000002ceb0000)]
  0x000000001c472000 JavaThread "Cache worker for file content cache (C:\Users\kckc0\.gradle\caches\6.5\fileContent)" [_thread_blocked, id=19956, stack(0x00000000248c0000,0x00000000249c0000)]
  0x000000001c470800 JavaThread "Cache worker for execution history cache (C:\Users\kckc0\.gradle\caches\6.5\executionHistory)" [_thread_blocked, id=13544, stack(0x00000000243c0000,0x00000000244c0000)]
  0x000000001be64000 JavaThread "Cache worker for file hash cache (C:\Users\kckc0\.gradle\caches\6.5\fileHashes)" [_thread_blocked, id=17212, stack(0x000000001f230000,0x000000001f330000)]
  0x000000001be68800 JavaThread "File lock request listener" [_thread_in_native, id=10352, stack(0x000000001e160000,0x000000001e260000)]
  0x000000001bf57000 JavaThread "Cache worker for journal cache (C:\Users\kckc0\.gradle\caches\journal-1)" [_thread_blocked, id=18596, stack(0x000000001e060000,0x000000001e160000)]
  0x000000001bf4c800 JavaThread "Daemon periodic checks" [_thread_blocked, id=8876, stack(0x000000001d360000,0x000000001d460000)]
  0x000000001bf00000 JavaThread "Incoming local TCP Connector on port 59940" [_thread_in_native, id=17576, stack(0x000000001d180000,0x000000001d280000)]
  0x000000001bdd5000 JavaThread "Daemon health stats" [_thread_blocked, id=13460, stack(0x000000001ce80000,0x000000001cf80000)]
  0x000000001980c800 JavaThread "Service Thread" daemon [_thread_blocked, id=21352, stack(0x000000001a2e0000,0x000000001a3e0000)]
  0x000000001977f800 JavaThread "C1 CompilerThread3" daemon [_thread_blocked, id=10628, stack(0x000000001a1e0000,0x000000001a2e0000)]
  0x0000000019778800 JavaThread "C2 CompilerThread2" daemon [_thread_in_native, id=15904, stack(0x000000001a0e0000,0x000000001a1e0000)]
=>0x0000000019774000 JavaThread "C2 CompilerThread1" daemon [_thread_in_native, id=20308, stack(0x0000000019fe0000,0x000000001a0e0000)]
  0x0000000019715000 JavaThread "C2 CompilerThread0" daemon [_thread_in_native, id=4448, stack(0x0000000019ee0000,0x0000000019fe0000)]
  0x0000000019714800 JavaThread "Attach Listener" daemon [_thread_blocked, id=18056, stack(0x0000000019de0000,0x0000000019ee0000)]
  0x0000000019773000 JavaThread "Signal Dispatcher" daemon [_thread_blocked, id=21196, stack(0x0000000019ce0000,0x0000000019de0000)]
  0x0000000019700800 JavaThread "Finalizer" daemon [_thread_blocked, id=4832, stack(0x0000000019be0000,0x0000000019ce0000)]
  0x00000000178fc000 JavaThread "Reference Handler" daemon [_thread_blocked, id=17820, stack(0x0000000019ae0000,0x0000000019be0000)]
  0x000000000288e800 JavaThread "main" [_thread_blocked, id=19932, stack(0x00000000021c0000,0x00000000022c0000)]

Other Threads:
  0x00000000178f7800 VMThread [stack: 0x00000000195e0000,0x00000000196e0000] [id=20896]
  0x000000001980d800 WatcherThread [stack: 0x000000001a3e0000,0x000000001a4e0000] [id=3864]

VM state:not at safepoint (normal execution)

VM Mutex/Monitor currently owned by a thread: None

heap address: 0x0000000080000000, size: 2048 MB, Compressed Oops mode: 32-bit
Narrow klass base: 0x0000000000000000, Narrow klass shift: 3
Compressed class space size: 1073741824 Address: 0x0000000100000000

Heap:
 PSYoungGen      total 215040K, used 113316K [0x00000000d5580000, 0x00000000e4500000, 0x0000000100000000)
  eden space 193536K, 47% used [0x00000000d5580000,0x00000000daf2b7e8,0x00000000e1280000)
  from space 21504K, 99% used [0x00000000e2b00000,0x00000000e3ffd978,0x00000000e4000000)
  to   space 25088K, 0% used [0x00000000e1280000,0x00000000e1280000,0x00000000e2b00000)
 ParOldGen       total 133632K, used 36045K [0x0000000080000000, 0x0000000088280000, 0x00000000d5580000)
  object space 133632K, 26% used [0x0000000080000000,0x0000000082333670,0x0000000088280000)
 Metaspace       used 83202K, capacity 87398K, committed 87512K, reserved 1124352K
  class space    used 11124K, capacity 11991K, committed 12032K, reserved 1048576K

Card table byte_map: [0x0000000011c50000,0x0000000012060000] byte_map_base: 0x0000000011850000

Marking Bits: (ParMarkBitMap*) 0x0000000056fef030
 Begin Bits: [0x0000000012b10000, 0x0000000014b10000)
 End Bits:   [0x0000000014b10000, 0x0000000016b10000)

Polling page: 0x00000000009b0000

CodeCache: size=245760Kb used=26999Kb max_used=27516Kb free=218760Kb
 bounds [0x0000000002890000, 0x00000000043e0000, 0x0000000011890000]
 total_blobs=9094 nmethods=8262 adapters=743
 compilation: enabled

Compilation events (10 events):
Event: 595.518 Thread 0x000000001977f800 9594       3       org.gradle.internal.fingerprint.classpath.impl.ClasspathFingerprintingStrategy$ClasspathFingerprintVisitor::<init> (31 bytes)
Event: 595.519 Thread 0x000000001977f800 nmethod 9594 0x0000000003b91e90 code [0x0000000003b92040, 0x0000000003b925f0]
Event: 595.520 Thread 0x000000001977f800 9595       3       org.gradle.internal.snapshot.RelativePathStringTracker::<init> (17 bytes)
Event: 595.521 Thread 0x000000001977f800 nmethod 9595 0x0000000003290c10 code [0x0000000003290da0, 0x0000000003291210]
Event: 595.521 Thread 0x000000001977f800 9596       3       org.gradle.internal.fingerprint.classpath.impl.ClasspathFingerprintingStrategy$ClasspathContentFingerprintingVisitor::<init> (36 bytes)
Event: 595.522 Thread 0x000000001977f800 nmethod 9596 0x000000000313c110 code [0x000000000313c300, 0x000000000313cc50]
Event: 595.522 Thread 0x000000001977f800 9597       3       org.gradle.internal.fingerprint.impl.DefaultCurrentFileCollectionFingerprint$1::visitFile (21 bytes)
Event: 595.523 Thread 0x000000001977f800 nmethod 9597 0x00000000035fa8d0 code [0x00000000035faa60, 0x00000000035fae18]
Event: 595.526 Thread 0x000000001977f800 9599       3       java.io.BufferedReader::<init> (9 bytes)
Event: 595.527 Thread 0x000000001977f800 nmethod 9599 0x000000000331fcd0 code [0x000000000331fe40, 0x000000000331ffe8]

GC Heap History (10 events):
Event: 12.545 GC heap before
{Heap before GC invocations=13 (full 2):
 PSYoungGen      total 145408K, used 144957K [0x00000000d5580000, 0x00000000dfc80000, 0x0000000100000000)
  eden space 134144K, 100% used [0x00000000d5580000,0x00000000dd880000,0x00000000dd880000)
  from space 11264K, 95% used [0x00000000df180000,0x00000000dfc0f4d0,0x00000000dfc80000)
  to   space 12800K, 0% used [0x00000000de380000,0x00000000de380000,0x00000000df000000)
 ParOldGen       total 84480K, used 14216K [0x0000000080000000, 0x0000000085280000, 0x00000000d5580000)
  object space 84480K, 16% used [0x0000000080000000,0x0000000080de23b8,0x0000000085280000)
 Metaspace       used 49348K, capacity 51624K, committed 51800K, reserved 1093632K
  class space    used 6559K, capacity 6997K, committed 7040K, reserved 1048576K
Event: 12.564 GC heap after
Heap after GC invocations=13 (full 2):
 PSYoungGen      total 158208K, used 12788K [0x00000000d5580000, 0x00000000e1a00000, 0x0000000100000000)
  eden space 145408K, 0% used [0x00000000d5580000,0x00000000d5580000,0x00000000de380000)
  from space 12800K, 99% used [0x00000000de380000,0x00000000deffd178,0x00000000df000000)
  to   space 15872K, 0% used [0x00000000e0a80000,0x00000000e0a80000,0x00000000e1a00000)
 ParOldGen       total 84480K, used 18913K [0x0000000080000000, 0x0000000085280000, 0x00000000d5580000)
  object space 84480K, 22% used [0x0000000080000000,0x0000000081278470,0x0000000085280000)
 Metaspace       used 49348K, capacity 51624K, committed 51800K, reserved 1093632K
  class space    used 6559K, capacity 6997K, committed 7040K, reserved 1048576K
}
Event: 13.868 GC heap before
{Heap before GC invocations=14 (full 2):
 PSYoungGen      total 158208K, used 112265K [0x00000000d5580000, 0x00000000e1a00000, 0x0000000100000000)
  eden space 145408K, 68% used [0x00000000d5580000,0x00000000db6a53b8,0x00000000de380000)
  from space 12800K, 99% used [0x00000000de380000,0x00000000deffd178,0x00000000df000000)
  to   space 15872K, 0% used [0x00000000e0a80000,0x00000000e0a80000,0x00000000e1a00000)
 ParOldGen       total 84480K, used 18913K [0x0000000080000000, 0x0000000085280000, 0x00000000d5580000)
  object space 84480K, 22% used [0x0000000080000000,0x0000000081278470,0x0000000085280000)
 Metaspace       used 56462K, capacity 58972K, committed 59028K, reserved 1099776K
  class space    used 7414K, capacity 7903K, committed 7936K, reserved 1048576K
Event: 13.890 GC heap after
Heap after GC invocations=14 (full 2):
 PSYoungGen      total 180736K, used 15841K [0x00000000d5580000, 0x00000000e3280000, 0x0000000100000000)
  eden space 164864K, 0% used [0x00000000d5580000,0x00000000d5580000,0x00000000df680000)
  from space 15872K, 99% used [0x00000000e0a80000,0x00000000e19f8480,0x00000000e1a00000)
  to   space 20480K, 0% used [0x00000000df680000,0x00000000df680000,0x00000000e0a80000)
 ParOldGen       total 84480K, used 25804K [0x0000000080000000, 0x0000000085280000, 0x00000000d5580000)
  object space 84480K, 30% used [0x0000000080000000,0x00000000819332f0,0x0000000085280000)
 Metaspace       used 56462K, capacity 58972K, committed 59028K, reserved 1099776K
  class space    used 7414K, capacity 7903K, committed 7936K, reserved 1048576K
}
Event: 13.890 GC heap before
{Heap before GC invocations=15 (full 3):
 PSYoungGen      total 180736K, used 15841K [0x00000000d5580000, 0x00000000e3280000, 0x0000000100000000)
  eden space 164864K, 0% used [0x00000000d5580000,0x00000000d5580000,0x00000000df680000)
  from space 15872K, 99% used [0x00000000e0a80000,0x00000000e19f8480,0x00000000e1a00000)
  to   space 20480K, 0% used [0x00000000df680000,0x00000000df680000,0x00000000e0a80000)
 ParOldGen       total 84480K, used 25804K [0x0000000080000000, 0x0000000085280000, 0x00000000d5580000)
  object space 84480K, 30% used [0x0000000080000000,0x00000000819332f0,0x0000000085280000)
 Metaspace       used 56462K, capacity 58972K, committed 59028K, reserved 1099776K
  class space    used 7414K, capacity 7903K, committed 7936K, reserved 1048576K
Event: 14.140 GC heap after
Heap after GC invocations=15 (full 3):
 PSYoungGen      total 180736K, used 0K [0x00000000d5580000, 0x00000000e3280000, 0x0000000100000000)
  eden space 164864K, 0% used [0x00000000d5580000,0x00000000d5580000,0x00000000df680000)
  from space 15872K, 0% used [0x00000000e0a80000,0x00000000e0a80000,0x00000000e1a00000)
  to   space 20480K, 0% used [0x00000000df680000,0x00000000df680000,0x00000000e0a80000)
 ParOldGen       total 133632K, used 34559K [0x0000000080000000, 0x0000000088280000, 0x00000000d5580000)
  object space 133632K, 25% used [0x0000000080000000,0x00000000821bffe0,0x0000000088280000)
 Metaspace       used 56346K, capacity 58664K, committed 59028K, reserved 1099776K
  class space    used 7382K, capacity 7860K, committed 7936K, reserved 1048576K
}
Event: 16.675 GC heap before
{Heap before GC invocations=16 (full 3):
 PSYoungGen      total 180736K, used 164864K [0x00000000d5580000, 0x00000000e3280000, 0x0000000100000000)
  eden space 164864K, 100% used [0x00000000d5580000,0x00000000df680000,0x00000000df680000)
  from space 15872K, 0% used [0x00000000e0a80000,0x00000000e0a80000,0x00000000e1a00000)
  to   space 20480K, 0% used [0x00000000df680000,0x00000000df680000,0x00000000e0a80000)
 ParOldGen       total 133632K, used 34559K [0x0000000080000000, 0x0000000088280000, 0x00000000d5580000)
  object space 133632K, 25% used [0x0000000080000000,0x00000000821bffe0,0x0000000088280000)
 Metaspace       used 66626K, capacity 69526K, committed 69848K, reserved 1110016K
  class space    used 9012K, capacity 9597K, committed 9728K, reserved 1048576K
Event: 16.697 GC heap after
Heap after GC invocations=16 (full 3):
 PSYoungGen      total 185344K, used 15091K [0x00000000d5580000, 0x00000000e4000000, 0x0000000100000000)
  eden space 164864K, 0% used [0x00000000d5580000,0x00000000d5580000,0x00000000df680000)
  from space 20480K, 73% used [0x00000000df680000,0x00000000e053cc38,0x00000000e0a80000)
  to   space 21504K, 0% used [0x00000000e2b00000,0x00000000e2b00000,0x00000000e4000000)
 ParOldGen       total 133632K, used 34567K [0x0000000080000000, 0x0000000088280000, 0x00000000d5580000)
  object space 133632K, 25% used [0x0000000080000000,0x00000000821c1fe0,0x0000000088280000)
 Metaspace       used 66626K, capacity 69526K, committed 69848K, reserved 1110016K
  class space    used 9012K, capacity 9597K, committed 9728K, reserved 1048576K
}
Event: 19.848 GC heap before
{Heap before GC invocations=17 (full 3):
 PSYoungGen      total 185344K, used 179955K [0x00000000d5580000, 0x00000000e4000000, 0x0000000100000000)
  eden space 164864K, 100% used [0x00000000d5580000,0x00000000df680000,0x00000000df680000)
  from space 20480K, 73% used [0x00000000df680000,0x00000000e053cc38,0x00000000e0a80000)
  to   space 21504K, 0% used [0x00000000e2b00000,0x00000000e2b00000,0x00000000e4000000)
 ParOldGen       total 133632K, used 34567K [0x0000000080000000, 0x0000000088280000, 0x00000000d5580000)
  object space 133632K, 25% used [0x0000000080000000,0x00000000821c1fe0,0x0000000088280000)
 Metaspace       used 75880K, capacity 79808K, committed 79960K, reserved 1118208K
  class space    used 10335K, capacity 11107K, committed 11136K, reserved 1048576K
Event: 19.869 GC heap after
Heap after GC invocations=17 (full 3):
 PSYoungGen      total 215040K, used 21494K [0x00000000d5580000, 0x00000000e4500000, 0x0000000100000000)
  eden space 193536K, 0% used [0x00000000d5580000,0x00000000d5580000,0x00000000e1280000)
  from space 21504K, 99% used [0x00000000e2b00000,0x00000000e3ffd978,0x00000000e4000000)
  to   space 25088K, 0% used [0x00000000e1280000,0x00000000e1280000,0x00000000e2b00000)
 ParOldGen       total 133632K, used 36045K [0x0000000080000000, 0x0000000088280000, 0x00000000d5580000)
  object space 133632K, 26% used [0x0000000080000000,0x0000000082333670,0x0000000088280000)
 Metaspace       used 75880K, capacity 79808K, committed 79960K, reserved 1118208K
  class space    used 10335K, capacity 11107K, committed 11136K, reserved 1048576K
}

Deoptimization events (10 events):
Event: 20.750 Thread 0x000000001a706800 Uncommon trap: reason=class_check action=maybe_recompile pc=0x000000000342ff08 method=java.util.HashMap.removeNode(ILjava/lang/Object;Ljava/lang/Object;ZZ)Ljava/util/HashMap$Node; @ 68
Event: 20.762 Thread 0x0000000021385000 Uncommon trap: reason=class_check action=maybe_recompile pc=0x0000000003796f38 method=java.util.concurrent.locks.ReentrantLock.lock()V @ 4
Event: 20.765 Thread 0x000000001a706800 Uncommon trap: reason=class_check action=maybe_recompile pc=0x000000000342ff08 method=java.util.HashMap.removeNode(ILjava/lang/Object;Ljava/lang/Object;ZZ)Ljava/util/HashMap$Node; @ 68
Event: 20.765 Thread 0x000000001ac5a800 Uncommon trap: reason=class_check action=maybe_recompile pc=0x0000000003796f38 method=java.util.concurrent.locks.ReentrantLock.lock()V @ 4
Event: 20.769 Thread 0x000000001a706800 Uncommon trap: reason=class_check action=maybe_recompile pc=0x000000000342ffb8 method=java.util.HashMap.removeNode(ILjava/lang/Object;Ljava/lang/Object;ZZ)Ljava/util/HashMap$Node; @ 143
Event: 20.769 Thread 0x000000001c46f000 Uncommon trap: reason=class_check action=maybe_recompile pc=0x0000000003796f38 method=java.util.concurrent.locks.ReentrantLock.lock()V @ 4
Event: 20.784 Thread 0x000000001a706800 Uncommon trap: reason=class_check action=maybe_recompile pc=0x000000000342ff08 method=java.util.HashMap.removeNode(ILjava/lang/Object;Ljava/lang/Object;ZZ)Ljava/util/HashMap$Node; @ 68
Event: 20.892 Thread 0x000000001a706800 Uncommon trap: reason=unstable_if action=reinterpret pc=0x00000000035c9fd8 method=org.gradle.internal.logging.slf4j.OutputEventListenerBackedLogger.isLevelAtMost(Lorg/gradle/api/logging/LogLevel;)Z @ 11
Event: 21.388 Thread 0x000000001bf23000 Uncommon trap: reason=unstable_if action=reinterpret pc=0x0000000003fea208 method=com.esotericsoftware.kryo.io.Input.require(I)I @ 180
Event: 595.089 Thread 0x000000001c468800 Uncommon trap: reason=unstable_if action=reinterpret pc=0x000000000328c180 method=org.gradle.internal.logging.sink.OutputEventTransformer.onOutput(Lorg/gradle/internal/logging/events/OutputEvent;)V @ 84

Classes redefined (0 events):
No events

Internal exceptions (10 events):
Event: 20.724 Thread 0x000000001bf98800 Exception <a 'java/lang/NoSuchMethodError': <clinit>> (0x00000000d88caf40) thrown at [C:\src\AOSP-openjdk-git\hotspot\src\share\vm\prims\jni.cpp, line 1615]
Event: 595.088 Thread 0x000000001c468800 Implicit null exception at 0x00000000032896d4 to 0x000000000328c169
Event: 595.288 Thread 0x000000001c46d800 Exception <a 'sun/nio/fs/WindowsException'> (0x00000000da9edcc0) thrown at [C:\src\AOSP-openjdk-git\hotspot\src\share\vm\prims\jni.cpp, line 710]
Event: 595.291 Thread 0x000000001c46d800 Exception <a 'sun/nio/fs/WindowsException'> (0x00000000da9ee080) thrown at [C:\src\AOSP-openjdk-git\hotspot\src\share\vm\prims\jni.cpp, line 710]
Event: 595.322 Thread 0x000000001c468800 Exception <a 'java/lang/ClassNotFoundException': sync_studio_tooling5958_9hybe7ypy0qy1zxwpqtc95pawBeanInfo> (0x00000000daa89150) thrown at [C:\src\AOSP-openjdk-git\hotspot\src\share\vm\classfile\systemDictionary.cpp, line 210]
Event: 595.322 Thread 0x000000001c468800 Exception <a 'java/lang/ClassNotFoundException': sync_studio_tooling5958_9hybe7ypy0qy1zxwpqtc95pawCustomizer> (0x00000000daa97110) thrown at [C:\src\AOSP-openjdk-git\hotspot\src\share\vm\classfile\systemDictionary.cpp, line 210]
Event: 595.422 Thread 0x000000001c467000 Exception <a 'sun/nio/fs/WindowsException'> (0x00000000daba2228) thrown at [C:\src\AOSP-openjdk-git\hotspot\src\share\vm\prims\jni.cpp, line 710]
Event: 595.425 Thread 0x000000001c467000 Exception <a 'sun/nio/fs/WindowsException'> (0x00000000daba25e0) thrown at [C:\src\AOSP-openjdk-git\hotspot\src\share\vm\prims\jni.cpp, line 710]
Event: 595.442 Thread 0x000000001c468800 Exception <a 'java/lang/ClassNotFoundException': sync_studio_tooling5958_9hybe7ypy0qy1zxwpqtc95pawBeanInfo> (0x00000000dac25498) thrown at [C:\src\AOSP-openjdk-git\hotspot\src\share\vm\classfile\systemDictionary.cpp, line 210]
Event: 595.442 Thread 0x000000001c468800 Exception <a 'java/lang/ClassNotFoundException': sync_studio_tooling5958_9hybe7ypy0qy1zxwpqtc95pawCustomizer> (0x00000000dac333f8) thrown at [C:\src\AOSP-openjdk-git\hotspot\src\share\vm\classfile\systemDictionary.cpp, line 210]

Events (10 events):
Event: 595.507 Thread 0x0000000021383000 DEOPT PACKING pc=0x0000000002c0dc10 sp=0x00000000235bebf0
Event: 595.507 Thread 0x0000000021383000 DEOPT UNPACKING pc=0x00000000028d75d0 sp=0x00000000235be990 mode 0
Event: 595.519 Executing VM operation: RevokeBias
Event: 595.519 Executing VM operation: RevokeBias done
Event: 595.519 Executing VM operation: RevokeBias
Event: 595.520 Executing VM operation: RevokeBias done
Event: 595.521 Executing VM operation: RevokeBias
Event: 595.521 Executing VM operation: RevokeBias done
Event: 595.526 Executing VM operation: RevokeBias
Event: 595.526 Executing VM operation: RevokeBias done


Dynamic libraries:
0x00007ff67f020000 - 0x00007ff67f051000 	C:\Program Files\Android\Android Studio\jre\bin\java.exe
0x00007ffc21b60000 - 0x00007ffc21d50000 	C:\WINDOWS\SYSTEM32\ntdll.dll
0x00007ffc211d0000 - 0x00007ffc21282000 	C:\WINDOWS\System32\KERNEL32.DLL
0x00007ffc1eda0000 - 0x00007ffc1f045000 	C:\WINDOWS\System32\KERNELBASE.dll
0x00007ffc21290000 - 0x00007ffc21333000 	C:\WINDOWS\System32\ADVAPI32.dll
0x00007ffc21340000 - 0x00007ffc213de000 	C:\WINDOWS\System32\msvcrt.dll
0x00007ffc207b0000 - 0x00007ffc20847000 	C:\WINDOWS\System32\sechost.dll
0x00007ffc203e0000 - 0x00007ffc20500000 	C:\WINDOWS\System32\RPCRT4.dll
0x00007ffc20500000 - 0x00007ffc20694000 	C:\WINDOWS\System32\USER32.dll
0x00007ffc1f7e0000 - 0x00007ffc1f801000 	C:\WINDOWS\System32\win32u.dll
0x00007ffc20850000 - 0x00007ffc20876000 	C:\WINDOWS\System32\GDI32.dll
0x00007ffc1eb00000 - 0x00007ffc1ec96000 	C:\WINDOWS\System32\gdi32full.dll
0x00007ffc1ed00000 - 0x00007ffc1ed9e000 	C:\WINDOWS\System32\msvcp_win.dll
0x00007ffc1fa60000 - 0x00007ffc1fb5a000 	C:\WINDOWS\System32\ucrtbase.dll
0x00007ffc0a250000 - 0x00007ffc0a4d4000 	C:\WINDOWS\WinSxS\amd64_microsoft.windows.common-controls_6595b64144ccf1df_6.0.18362.1256_none_9e7e379be45e40e2\COMCTL32.dll
0x00007ffc20b00000 - 0x00007ffc20e36000 	C:\WINDOWS\System32\combase.dll
0x00007ffc1f810000 - 0x00007ffc1f891000 	C:\WINDOWS\System32\bcryptPrimitives.dll
0x00007ffc20780000 - 0x00007ffc207ae000 	C:\WINDOWS\System32\IMM32.DLL
0x0000000056660000 - 0x0000000056732000 	C:\Program Files\Android\Android Studio\jre\jre\bin\msvcr100.dll
0x0000000056820000 - 0x000000005706b000 	C:\Program Files\Android\Android Studio\jre\jre\bin\server\jvm.dll
0x00007ffc21a60000 - 0x00007ffc21a68000 	C:\WINDOWS\System32\PSAPI.DLL
0x00007ffc12090000 - 0x00007ffc1209a000 	C:\WINDOWS\SYSTEM32\VERSION.dll
0x00007ffc1b1f0000 - 0x00007ffc1b214000 	C:\WINDOWS\SYSTEM32\WINMM.dll
0x00007ffc0c2d0000 - 0x00007ffc0c2d9000 	C:\WINDOWS\SYSTEM32\WSOCK32.dll
0x00007ffc21090000 - 0x00007ffc210ff000 	C:\WINDOWS\System32\WS2_32.dll
0x00007ffc1b1c0000 - 0x00007ffc1b1ed000 	C:\WINDOWS\SYSTEM32\winmmbase.dll
0x00007ffc1f8a0000 - 0x00007ffc1f8ea000 	C:\WINDOWS\System32\cfgmgr32.dll
0x00007ffc17bb0000 - 0x00007ffc17bbf000 	C:\Program Files\Android\Android Studio\jre\jre\bin\verify.dll
0x00007ffc145a0000 - 0x00007ffc145c9000 	C:\Program Files\Android\Android Studio\jre\jre\bin\java.dll
0x00007ffc11480000 - 0x00007ffc11496000 	C:\Program Files\Android\Android Studio\jre\jre\bin\zip.dll
0x00007ffc1fc10000 - 0x00007ffc202f7000 	C:\WINDOWS\System32\SHELL32.dll
0x00007ffc21850000 - 0x00007ffc218f9000 	C:\WINDOWS\System32\shcore.dll
0x00007ffc1f050000 - 0x00007ffc1f7d1000 	C:\WINDOWS\System32\windows.storage.dll
0x00007ffc1eaa0000 - 0x00007ffc1eac3000 	C:\WINDOWS\System32\profapi.dll
0x00007ffc1ea10000 - 0x00007ffc1ea5a000 	C:\WINDOWS\System32\powrprof.dll
0x00007ffc1ea00000 - 0x00007ffc1ea10000 	C:\WINDOWS\System32\UMPDC.dll
0x00007ffc21020000 - 0x00007ffc21072000 	C:\WINDOWS\System32\shlwapi.dll
0x00007ffc1ea80000 - 0x00007ffc1ea91000 	C:\WINDOWS\System32\kernel.appcore.dll
0x00007ffc1f8f0000 - 0x00007ffc1f907000 	C:\WINDOWS\System32\cryptsp.dll
0x00007ffc11460000 - 0x00007ffc1147a000 	C:\Program Files\Android\Android Studio\jre\jre\bin\net.dll
0x00007ffc1e250000 - 0x00007ffc1e2b7000 	C:\WINDOWS\system32\mswsock.dll
0x00007ffc113d0000 - 0x00007ffc113e3000 	C:\Program Files\Android\Android Studio\jre\jre\bin\nio.dll
0x00007ffc0f6b0000 - 0x00007ffc0f6d7000 	C:\Users\kckc0\.gradle\native\f6784746aeab05261644944871eae4fe03e0ef1612fff0a4a95f87b438bc6780\windows-amd64\native-platform.dll
0x00007ffc17ba0000 - 0x00007ffc17bad000 	C:\Program Files\Android\Android Studio\jre\jre\bin\management.dll
0x00007ffc1dd50000 - 0x00007ffc1dd83000 	C:\WINDOWS\system32\rsaenh.dll
0x00007ffc1ead0000 - 0x00007ffc1eaf6000 	C:\WINDOWS\System32\bcrypt.dll
0x00007ffc1e920000 - 0x00007ffc1e945000 	C:\WINDOWS\SYSTEM32\USERENV.dll
0x00007ffc1e420000 - 0x00007ffc1e42c000 	C:\WINDOWS\SYSTEM32\CRYPTBASE.dll
0x00007ffc1df40000 - 0x00007ffc1df7a000 	C:\WINDOWS\SYSTEM32\IPHLPAPI.DLL
0x00007ffc21080000 - 0x00007ffc21088000 	C:\WINDOWS\System32\NSI.dll
0x00007ffc17bf0000 - 0x00007ffc17c06000 	C:\WINDOWS\SYSTEM32\dhcpcsvc6.DLL
0x00007ffc17d00000 - 0x00007ffc17d1c000 	C:\WINDOWS\SYSTEM32\dhcpcsvc.DLL
0x00007ffc1df80000 - 0x00007ffc1e04b000 	C:\WINDOWS\SYSTEM32\DNSAPI.dll
0x00007ffc18cf0000 - 0x00007ffc18cfb000 	C:\WINDOWS\SYSTEM32\WINNSI.DLL

VM Arguments:
jvm_args: -Xmx2048m -Dfile.encoding=UTF-8 -Duser.country=KR -Duser.language=ko -Duser.variant 
java_command: org.gradle.launcher.daemon.bootstrap.GradleDaemon 6.5
java_class_path (initial): C:\Users\kckc0\.gradle\wrapper\dists\gradle-6.5-bin\6nifqtx7604sqp1q6g8wikw7p\gradle-6.5\lib\gradle-launcher-6.5.jar
Launcher Type: SUN_STANDARD

Environment Variables:
JAVA_HOME=C:\Program Files\Java\jdk-14.0.2
PATH=C:\Program Files (x86)\Intel\iCLS Client\;C:\Program Files\Intel\iCLS Client\;C:\WINDOWS\system32;C:\WINDOWS;C:\WINDOWS\System32\Wbem;C:\WINDOWS\System32\WindowsPowerShell\v1.0\;C:\WINDOWS\System32\OpenSSH\;C:\Program Files (x86)\Intel\Intel(R) Management Engine Components\DAL;C:\Program Files\Intel\Intel(R) Management Engine Components\DAL;C:\Program Files (x86)\Intel\Intel(R) Management Engine Components\IPT;C:\Program Files\Intel\Intel(R) Management Engine Components\IPT;C:\MinGW\bin;C:\Program Files\Java\jdk-14.0.2\bin\;C:\Users\kckc0\Desktop\dex2jar-2.x;C:\Program Files\Git\cmd;C:\Users\kckc0\anaconda3;C:\Users\kckc0\anaconda3\Library\mingw-w64\bin;C:\Users\kckc0\anaconda3\Library\usr\bin;C:\Users\kckc0\anaconda3\Library\bin;C:\Users\kckc0\anaconda3\Scripts;C:\Users\kckc0\AppData\Local\Programs\Python\Python38\Scripts\;C:\Users\kckc0\AppData\Local\Programs\Python\Python38\;C:\Users\kckc0\AppData\Local\Microsoft\WindowsApps;C:\Program Files\JetBrains\PyCharm Community Edition 2020.2.2\bin;C:\Users\kckc0\AppData\Local\Programs\Microsoft VS Code\bin;C:\Users\kckc0\AppData\Local\atom\bin;C:\Program Files\JetBrains\CLion 2020.2.3\bin;;C:\Users\kckc0\AppData\Local\GitHubDesktop\bin
USERNAME=kckc0
OS=Windows_NT
PROCESSOR_IDENTIFIER=Intel64 Family 6 Model 142 Stepping 10, GenuineIntel



---------------  S Y S T E M  ---------------

OS: Windows 10.0 , 64 bit Build 18362 (10.0.18362.1110)

CPU:total 8 (initial active 8) (4 cores per cpu, 2 threads per core) family 6 model 142 stepping 10, cmov, cx8, fxsr, mmx, sse, sse2, sse3, ssse3, sse4.1, sse4.2, popcnt, avx, avx2, aes, clmul, erms, 3dnowpref, lzcnt, ht, tsc, tscinvbit, bmi1, bmi2, adx

Memory: 4k page, physical 8217940k(1800644k free), swap 33383764k(1040k free)

vm_info: OpenJDK 64-Bit Server VM (25.242-b01) for windows-amd64 JRE (1.8.0_242-release-1644-b01), built by "builder" with MS VC++ 10.0 (VS2010)

time: Sat Jan 02 17:37:27 2021
timezone: 대한민국 표준시
elapsed time: 595 seconds (0d 0h 9m 55s)

