#
# There is insufficient memory for the Java Runtime Environment to continue.
# Native memory allocation (malloc) failed to allocate 1003056 bytes for Chunk::new
# Possible reasons:
#   The system is out of physical RAM or swap space
#   The process is running with CompressedOops enabled, and the Java Heap may be blocking the growth of the native heap
# Possible solutions:
#   Reduce memory load on the system
#   Increase physical memory or swap space
#   Check if swap backing store is full
#   Decrease Java heap size (-Xmx/-Xms)
#   Decrease number of Java threads
#   Decrease Java thread stack sizes (-Xss)
#   Set larger code cache with -XX:ReservedCodeCacheSize=
#   JVM is running with Unscaled Compressed Oops mode in which the Java heap is
#     placed in the first 4GB address space. The Java Heap base address is the
#     maximum limit for the native heap growth. Please use -XX:HeapBaseMinAddress
#     to set the Java Heap base and to place the Java Heap above 4GB virtual address.
# This output file may be truncated or incomplete.
#
#  Out of Memory Error (allocation.cpp:389), pid=11624, tid=0x0000000000003dac
#
# JRE version: OpenJDK Runtime Environment (8.0_242-b01) (build 1.8.0_242-release-1644-b01)
# Java VM: OpenJDK 64-Bit Server VM (25.242-b01 mixed mode windows-amd64 compressed oops)
# Failed to write core dump. Minidumps are not enabled by default on client versions of Windows
#

---------------  T H R E A D  ---------------

Current thread (0x000000001a4cd000):  JavaThread "C2 CompilerThread0" daemon [_thread_in_native, id=15788, stack(0x000000001ace0000,0x000000001ade0000)]

Stack: [0x000000001ace0000,0x000000001ade0000]
[error occurred during error reporting (printing stack bounds), id 0xc0000005]

Native frames: (J=compiled Java code, j=interpreted, Vv=VM code, C=native code)


Current CompileTask:
C2:  12184 5639   !   4       java.net.URLClassLoader$1::run (63 bytes)


---------------  P R O C E S S  ---------------

Java Threads: ( => current thread )
  0x00000000201df000 JavaThread "Cache worker for file content cache (C:\Users\kckc0\Documents\GitHub\DoItAndroidProgramming\Ex19\.gradle\6.5\fileContent)" [_thread_blocked, id=8904, stack(0x000000002b780000,0x000000002b880000)]
  0x00000000201df800 JavaThread "Memory manager" [_thread_blocked, id=15212, stack(0x000000002b520000,0x000000002b620000)]
  0x00000000201ce000 JavaThread "Cache worker for Build Output Cleanup Cache (C:\Users\kckc0\Documents\GitHub\DoItAndroidProgramming\Ex19\.gradle\buildOutputCleanup)" [_thread_blocked, id=20336, stack(0x000000002a380000,0x000000002a480000)]
  0x00000000201cc800 JavaThread "jar transforms Thread 92" [_thread_blocked, id=17576, stack(0x0000000029c80000,0x0000000029d80000)]
  0x00000000201cc000 JavaThread "jar transforms Thread 91" [_thread_blocked, id=21116, stack(0x0000000029b80000,0x0000000029c80000)]
  0x00000000201cb000 JavaThread "jar transforms Thread 90" [_thread_blocked, id=9124, stack(0x0000000029a80000,0x0000000029b80000)]
  0x00000000201c9800 JavaThread "jar transforms Thread 89" [_thread_blocked, id=19700, stack(0x0000000029980000,0x0000000029a80000)]
  0x00000000201ca800 JavaThread "jar transforms Thread 88" [_thread_blocked, id=12672, stack(0x0000000029880000,0x0000000029980000)]
  0x00000000201c9000 JavaThread "jar transforms Thread 87" [_thread_blocked, id=18204, stack(0x0000000029780000,0x0000000029880000)]
  0x00000000201cd800 JavaThread "jar transforms Thread 86" [_thread_blocked, id=15484, stack(0x0000000029680000,0x0000000029780000)]
  0x00000000201c8000 JavaThread "jar transforms Thread 85" [_thread_blocked, id=18372, stack(0x0000000029580000,0x0000000029680000)]
  0x00000000201c0800 JavaThread "jar transforms Thread 84" [_thread_blocked, id=10352, stack(0x0000000029480000,0x0000000029580000)]
  0x00000000201c6000 JavaThread "jar transforms Thread 83" [_thread_blocked, id=21400, stack(0x0000000029380000,0x0000000029480000)]
  0x00000000201c7800 JavaThread "jar transforms Thread 82" [_thread_blocked, id=3864, stack(0x0000000029280000,0x0000000029380000)]
  0x00000000201c1800 JavaThread "jar transforms Thread 81" [_thread_blocked, id=21284, stack(0x0000000029180000,0x0000000029280000)]
  0x00000000201c6800 JavaThread "jar transforms Thread 80" [_thread_blocked, id=12388, stack(0x0000000029080000,0x0000000029180000)]
  0x00000000201c4800 JavaThread "jar transforms Thread 79" [_thread_blocked, id=20868, stack(0x0000000028f80000,0x0000000029080000)]
  0x00000000201bf000 JavaThread "jar transforms Thread 78" [_thread_blocked, id=14444, stack(0x0000000028e80000,0x0000000028f80000)]
  0x00000000201c0000 JavaThread "jar transforms Thread 77" [_thread_blocked, id=7500, stack(0x0000000028d80000,0x0000000028e80000)]
  0x00000000201c2000 JavaThread "jar transforms Thread 76" [_thread_blocked, id=7428, stack(0x0000000028c80000,0x0000000028d80000)]
  0x00000000201c5000 JavaThread "jar transforms Thread 75" [_thread_blocked, id=8540, stack(0x0000000028b80000,0x0000000028c80000)]
  0x00000000201c3000 JavaThread "jar transforms Thread 74" [_thread_blocked, id=6976, stack(0x0000000028a80000,0x0000000028b80000)]
  0x00000000201c3800 JavaThread "jar transforms Thread 73" [_thread_blocked, id=100, stack(0x0000000028980000,0x0000000028a80000)]
  0x000000001a762000 JavaThread "jar transforms Thread 72" [_thread_blocked, id=9204, stack(0x0000000028880000,0x0000000028980000)]
  0x000000001a768800 JavaThread "jar transforms Thread 71" [_thread_blocked, id=17320, stack(0x0000000028780000,0x0000000028880000)]
  0x000000001a768000 JavaThread "jar transforms Thread 70" [_thread_blocked, id=20824, stack(0x0000000028680000,0x0000000028780000)]
  0x000000001a767000 JavaThread "jar transforms Thread 69" [_thread_blocked, id=12216, stack(0x0000000028580000,0x0000000028680000)]
  0x000000001a75f800 JavaThread "jar transforms Thread 68" [_thread_blocked, id=540, stack(0x0000000028480000,0x0000000028580000)]
  0x000000001a766800 JavaThread "jar transforms Thread 67" [_thread_blocked, id=13552, stack(0x0000000028380000,0x0000000028480000)]
  0x000000001a75f000 JavaThread "jar transforms Thread 66" [_thread_blocked, id=8720, stack(0x0000000028280000,0x0000000028380000)]
  0x000000001a761000 JavaThread "jar transforms Thread 65" [_thread_blocked, id=18496, stack(0x0000000028180000,0x0000000028280000)]
  0x000000001a765800 JavaThread "jar transforms Thread 64" [_thread_blocked, id=11860, stack(0x0000000028080000,0x0000000028180000)]
  0x000000001a765000 JavaThread "jar transforms Thread 63" [_thread_blocked, id=14364, stack(0x0000000027f80000,0x0000000028080000)]
  0x000000001a75d800 JavaThread "jar transforms Thread 62" [_thread_blocked, id=14144, stack(0x0000000027e80000,0x0000000027f80000)]
  0x000000001a764000 JavaThread "jar transforms Thread 61" [_thread_blocked, id=9660, stack(0x0000000027d80000,0x0000000027e80000)]
  0x000000001a763800 JavaThread "jar transforms Thread 60" [_thread_blocked, id=7208, stack(0x0000000027c80000,0x0000000027d80000)]
  0x000000001a75e000 JavaThread "jar transforms Thread 59" [_thread_blocked, id=15176, stack(0x0000000027b80000,0x0000000027c80000)]
  0x000000001a75c000 JavaThread "jar transforms Thread 58" [_thread_blocked, id=5492, stack(0x0000000027a80000,0x0000000027b80000)]
  0x000000001a75c800 JavaThread "jar transforms Thread 57" [_thread_blocked, id=16108, stack(0x0000000027980000,0x0000000027a80000)]
  0x000000001a762800 JavaThread "jar transforms Thread 56" [_thread_blocked, id=5984, stack(0x0000000027880000,0x0000000027980000)]
  0x000000001a760800 JavaThread "jar transforms Thread 55" [_thread_blocked, id=5424, stack(0x0000000027780000,0x0000000027880000)]
  0x000000001a759800 JavaThread "jar transforms Thread 54" [_thread_blocked, id=6184, stack(0x0000000027680000,0x0000000027780000)]
  0x000000001a75a800 JavaThread "jar transforms Thread 53" [_thread_blocked, id=14900, stack(0x0000000027580000,0x0000000027680000)]
  0x000000001a75b000 JavaThread "jar transforms Thread 52" [_thread_blocked, id=13964, stack(0x0000000027480000,0x0000000027580000)]
  0x000000001d279800 JavaThread "jar transforms Thread 51" [_thread_blocked, id=18436, stack(0x0000000027380000,0x0000000027480000)]
  0x000000001d280800 JavaThread "jar transforms Thread 50" [_thread_blocked, id=17672, stack(0x0000000027280000,0x0000000027380000)]
  0x000000001d280000 JavaThread "jar transforms Thread 49" [_thread_blocked, id=14104, stack(0x0000000027180000,0x0000000027280000)]
  0x000000001d27c800 JavaThread "jar transforms Thread 48" [_thread_blocked, id=19204, stack(0x0000000027080000,0x0000000027180000)]
  0x000000001d27c000 JavaThread "jar transforms Thread 47" [_thread_blocked, id=17368, stack(0x0000000026f80000,0x0000000027080000)]
  0x000000001d27d800 JavaThread "jar transforms Thread 46" [_thread_blocked, id=20828, stack(0x0000000026e80000,0x0000000026f80000)]
  0x000000001d27a800 JavaThread "jar transforms Thread 45" [_thread_blocked, id=3828, stack(0x0000000026d80000,0x0000000026e80000)]
  0x000000001d27f000 JavaThread "jar transforms Thread 44" [_thread_blocked, id=6280, stack(0x0000000026c80000,0x0000000026d80000)]
  0x000000001d27b000 JavaThread "jar transforms Thread 43" [_thread_blocked, id=9120, stack(0x0000000026b80000,0x0000000026c80000)]
  0x000000001d27e800 JavaThread "jar transforms Thread 42" [_thread_blocked, id=19648, stack(0x0000000026a80000,0x0000000026b80000)]
  0x000000001d272000 JavaThread "jar transforms Thread 41" [_thread_blocked, id=6932, stack(0x0000000026980000,0x0000000026a80000)]
  0x000000001d279000 JavaThread "jar transforms Thread 40" [_thread_blocked, id=11728, stack(0x0000000026880000,0x0000000026980000)]
  0x000000001d276800 JavaThread "jar transforms Thread 39" [_thread_blocked, id=19376, stack(0x0000000026780000,0x0000000026880000)]
  0x000000001d274800 JavaThread "jar transforms Thread 38" [_thread_blocked, id=6068, stack(0x0000000026680000,0x0000000026780000)]
  0x000000001d273000 JavaThread "jar transforms Thread 37" [_thread_blocked, id=18284, stack(0x0000000026580000,0x0000000026680000)]
  0x000000001d271800 JavaThread "jar transforms Thread 36" [_thread_blocked, id=20864, stack(0x0000000026480000,0x0000000026580000)]
  0x000000001d273800 JavaThread "jar transforms Thread 35" [_thread_blocked, id=1256, stack(0x0000000026380000,0x0000000026480000)]
  0x000000001d276000 JavaThread "jar transforms Thread 34" [_thread_blocked, id=19208, stack(0x0000000026280000,0x0000000026380000)]
  0x000000001d275000 JavaThread "jar transforms Thread 33" [_thread_blocked, id=16096, stack(0x0000000026180000,0x0000000026280000)]
  0x000000001d277800 JavaThread "jar transforms Thread 32" [_thread_blocked, id=15416, stack(0x0000000026080000,0x0000000026180000)]
  0x000000001d278000 JavaThread "jar transforms Thread 31" [_thread_blocked, id=816, stack(0x0000000025f80000,0x0000000026080000)]
  0x000000001c35f800 JavaThread "jar transforms Thread 30" [_thread_blocked, id=18056, stack(0x0000000025e80000,0x0000000025f80000)]
  0x000000001c365000 JavaThread "jar transforms Thread 29" [_thread_blocked, id=11104, stack(0x0000000025d80000,0x0000000025e80000)]
  0x000000001c35d800 JavaThread "jar transforms Thread 28" [_thread_blocked, id=14552, stack(0x0000000025c80000,0x0000000025d80000)]
  0x000000001c35f000 JavaThread "jar transforms Thread 27" [_thread_blocked, id=21460, stack(0x0000000025b80000,0x0000000025c80000)]
  0x000000001c364800 JavaThread "jar transforms Thread 26" [_thread_blocked, id=20024, stack(0x0000000025a80000,0x0000000025b80000)]
  0x000000001c363000 JavaThread "jar transforms Thread 25" [_thread_blocked, id=14956, stack(0x0000000025980000,0x0000000025a80000)]
  0x000000001c35e000 JavaThread "jar transforms Thread 24" [_thread_blocked, id=20520, stack(0x0000000025880000,0x0000000025980000)]
  0x000000001c360800 JavaThread "jar transforms Thread 23" [_thread_blocked, id=724, stack(0x0000000025780000,0x0000000025880000)]
  0x000000001c362000 JavaThread "jar transforms Thread 22" [_thread_blocked, id=1112, stack(0x0000000025680000,0x0000000025780000)]
  0x000000001c361000 JavaThread "jar transforms Thread 21" [_thread_blocked, id=13360, stack(0x0000000025580000,0x0000000025680000)]
  0x000000001c363800 JavaThread "jar transforms Thread 20" [_thread_blocked, id=20456, stack(0x0000000025480000,0x0000000025580000)]
  0x000000001c356800 JavaThread "jar transforms Thread 19" [_thread_blocked, id=2692, stack(0x0000000025380000,0x0000000025480000)]
  0x000000001c35c800 JavaThread "jar transforms Thread 18" [_thread_blocked, id=13272, stack(0x0000000025280000,0x0000000025380000)]
  0x000000001c35c000 JavaThread "jar transforms Thread 17" [_thread_blocked, id=17788, stack(0x0000000025180000,0x0000000025280000)]
  0x000000001c35b000 JavaThread "jar transforms Thread 16" [_thread_blocked, id=20256, stack(0x0000000025080000,0x0000000025180000)]
  0x000000001c35a800 JavaThread "jar transforms Thread 15" [_thread_blocked, id=13860, stack(0x0000000024f80000,0x0000000025080000)]
  0x000000001c359000 JavaThread "jar transforms Thread 14" [_thread_blocked, id=10256, stack(0x0000000024e80000,0x0000000024f80000)]
  0x000000001c358000 JavaThread "jar transforms Thread 13" [_thread_blocked, id=21060, stack(0x0000000024d80000,0x0000000024e80000)]
  0x000000001c357800 JavaThread "jar transforms Thread 12" [_thread_blocked, id=6312, stack(0x0000000024c80000,0x0000000024d80000)]
  0x000000001c356000 JavaThread "jar transforms Thread 11" [_thread_blocked, id=7560, stack(0x0000000024b80000,0x0000000024c80000)]
  0x000000001c359800 JavaThread "jar transforms Thread 10" [_thread_blocked, id=15292, stack(0x0000000024a80000,0x0000000024b80000)]
  0x000000001b8d0800 JavaThread "jar transforms Thread 9" [_thread_blocked, id=8972, stack(0x0000000024980000,0x0000000024a80000)]
  0x000000001b8d6800 JavaThread "jar transforms Thread 8" [_thread_blocked, id=3476, stack(0x0000000024880000,0x0000000024980000)]
  0x000000001b8d3800 JavaThread "jar transforms Thread 7" [_thread_blocked, id=21188, stack(0x0000000024780000,0x0000000024880000)]
  0x000000001b8d3000 JavaThread "jar transforms Thread 6" [_thread_blocked, id=11552, stack(0x0000000024680000,0x0000000024780000)]
  0x000000001b8d2000 JavaThread "jar transforms Thread 5" [_thread_blocked, id=13040, stack(0x0000000024580000,0x0000000024680000)]
  0x000000001b8d1800 JavaThread "jar transforms Thread 4" [_thread_blocked, id=7104, stack(0x0000000024480000,0x0000000024580000)]
  0x000000001b8d6000 JavaThread "jar transforms Thread 3" [_thread_blocked, id=7064, stack(0x0000000024380000,0x0000000024480000)]
  0x000000001b8d4800 JavaThread "jar transforms Thread 2" [_thread_blocked, id=12964, stack(0x0000000024280000,0x0000000024380000)]
  0x000000001b8d5000 JavaThread "Build operations Thread 8" [_thread_blocked, id=20964, stack(0x0000000024180000,0x0000000024280000)]
  0x000000001b8c9000 JavaThread "Build operations Thread 7" [_thread_blocked, id=17892, stack(0x0000000024080000,0x0000000024180000)]
  0x000000001b8d0000 JavaThread "Build operations Thread 6" [_thread_blocked, id=12056, stack(0x0000000023f80000,0x0000000024080000)]
  0x000000001b8cb800 JavaThread "Build operations Thread 5" [_thread_blocked, id=1448, stack(0x0000000023e80000,0x0000000023f80000)]
  0x000000001b8cd000 JavaThread "Build operations Thread 4" [_thread_blocked, id=19556, stack(0x0000000023d80000,0x0000000023e80000)]
  0x000000001b8c8800 JavaThread "Build operations Thread 3" [_thread_blocked, id=16552, stack(0x0000000023c80000,0x0000000023d80000)]
  0x000000001b8cf000 JavaThread "Build operations Thread 2" [_thread_blocked, id=14804, stack(0x0000000023b80000,0x0000000023c80000)]
  0x000000001b8c7800 JavaThread "Build operations" [_thread_blocked, id=20848, stack(0x0000000023a80000,0x0000000023b80000)]
  0x000000001cd36000 JavaThread "Cache worker for file content cache (C:\Users\kckc0\.gradle\caches\6.5\fileContent)" [_thread_blocked, id=10216, stack(0x0000000023380000,0x0000000023480000)]
  0x000000001cd35800 JavaThread "jar transforms" [_thread_blocked, id=16808, stack(0x0000000023280000,0x0000000023380000)]
  0x000000001cd32800 JavaThread "Cache worker for execution history cache (C:\Users\kckc0\.gradle\caches\6.5\executionHistory)" [_thread_blocked, id=13464, stack(0x0000000022b80000,0x0000000022c80000)]
  0x000000001cd34800 JavaThread "Cache worker for cache directory md-rule (C:\Users\kckc0\.gradle\caches\6.5\md-rule)" [_thread_blocked, id=2044, stack(0x0000000022a80000,0x0000000022b80000)]
  0x000000001cd33000 JavaThread "Cache worker for cache directory md-supplier (C:\Users\kckc0\.gradle\caches\6.5\md-supplier)" [_thread_blocked, id=2312, stack(0x0000000021620000,0x0000000021720000)]
  0x000000001cd30000 JavaThread "Cache worker for checksums cache (C:\Users\kckc0\Documents\GitHub\DoItAndroidProgramming\Ex19\.gradle\checksums)" [_thread_blocked, id=4320, stack(0x0000000021520000,0x0000000021620000)]
  0x000000001cd34000 JavaThread "Cache worker for file hash cache (C:\Users\kckc0\Documents\GitHub\DoItAndroidProgramming\Ex19\.gradle\6.5\fileHashes)" [_thread_blocked, id=3008, stack(0x0000000022980000,0x0000000022a80000)]
  0x000000001cd31000 JavaThread "Cache worker for file hash cache (C:\Users\kckc0\.gradle\caches\6.5\fileHashes)" [_thread_blocked, id=21436, stack(0x000000001f080000,0x000000001f180000)]
  0x000000001cd31800 JavaThread "File lock request listener" [_thread_in_native, id=13988, stack(0x000000001ef80000,0x000000001f080000)]
  0x000000001d08c800 JavaThread "Cache worker for journal cache (C:\Users\kckc0\.gradle\caches\journal-1)" [_thread_blocked, id=20084, stack(0x000000001ee80000,0x000000001ef80000)]
  0x000000001cdb8000 JavaThread "Thread-9" [_thread_blocked, id=11192, stack(0x000000001eb80000,0x000000001ec80000)]
  0x000000001cd5d800 JavaThread "Stdin handler" [_thread_blocked, id=6440, stack(0x000000001ea80000,0x000000001eb80000)]
  0x000000001cd5b000 JavaThread "Asynchronous log dispatcher for DefaultDaemonConnection: socket connection from /127.0.0.1:60806 to /127.0.0.1:60807" [_thread_blocked, id=18736, stack(0x000000001e980000,0x000000001ea80000)]
  0x000000001cd5a000 JavaThread "Daemon worker" [_thread_in_vm, id=19860, stack(0x000000001e880000,0x000000001e980000)]
  0x000000001cd6d000 JavaThread "Cancel handler" [_thread_blocked, id=7368, stack(0x000000001e680000,0x000000001e780000)]
  0x000000001cd18000 JavaThread "Handler for socket connection from /127.0.0.1:60806 to /127.0.0.1:60807" [_thread_in_native, id=13048, stack(0x000000001e580000,0x000000001e680000)]
  0x000000001cd01000 JavaThread "Daemon" [_thread_blocked, id=7112, stack(0x000000001e480000,0x000000001e580000)]
  0x000000001ccff000 JavaThread "Daemon periodic checks" [_thread_blocked, id=14196, stack(0x000000001e180000,0x000000001e280000)]
  0x000000001ccec000 JavaThread "Incoming local TCP Connector on port 60806" [_thread_in_native, id=10196, stack(0x000000001dfa0000,0x000000001e0a0000)]
  0x000000001c871000 JavaThread "Daemon health stats" [_thread_blocked, id=6760, stack(0x000000001dc80000,0x000000001dd80000)]
  0x000000001a53f800 JavaThread "Service Thread" daemon [_thread_blocked, id=8928, stack(0x000000001b0e0000,0x000000001b1e0000)]
  0x000000001a4f6000 JavaThread "C1 CompilerThread3" daemon [_thread_blocked, id=21264, stack(0x000000001afe0000,0x000000001b0e0000)]
  0x000000001a4d7000 JavaThread "C2 CompilerThread2" daemon [_thread_in_native, id=20308, stack(0x000000001aee0000,0x000000001afe0000)]
  0x000000001a4d0000 JavaThread "C2 CompilerThread1" daemon [_thread_in_native, id=12912, stack(0x000000001ade0000,0x000000001aee0000)]
=>0x000000001a4cd000 JavaThread "C2 CompilerThread0" daemon [_thread_in_native, id=15788, stack(0x000000001ace0000,0x000000001ade0000)]
  0x000000001a477800 JavaThread "Attach Listener" daemon [_thread_blocked, id=20616, stack(0x000000001abe0000,0x000000001ace0000)]
  0x000000001a476800 JavaThread "Signal Dispatcher" daemon [_thread_blocked, id=4168, stack(0x000000001aae0000,0x000000001abe0000)]
  0x00000000035cc800 JavaThread "Finalizer" daemon [_thread_blocked, id=12240, stack(0x000000001a940000,0x000000001aa40000)]
  0x000000001a460800 JavaThread "Reference Handler" daemon [_thread_blocked, id=18728, stack(0x000000001a840000,0x000000001a940000)]
  0x000000000307e800 JavaThread "main" [_thread_blocked, id=17204, stack(0x00000000033d0000,0x00000000034d0000)]

Other Threads:
  0x0000000018678000 VMThread [stack: 0x000000001a340000,0x000000001a440000] [id=5476]
  0x000000001a540000 WatcherThread [stack: 0x000000001b1e0000,0x000000001b2e0000] [id=8496]

VM state:not at safepoint (normal execution)

VM Mutex/Monitor currently owned by a thread: None

heap address: 0x0000000080000000, size: 2048 MB, Compressed Oops mode: 32-bit
Narrow klass base: 0x0000000000000000, Narrow klass shift: 3
Compressed class space size: 1073741824 Address: 0x0000000100000000

Heap:
 PSYoungGen      total 239616K, used 85043K [0x00000000d5580000, 0x00000000e7980000, 0x0000000100000000)
  eden space 219648K, 38% used [0x00000000d5580000,0x00000000da88cc98,0x00000000e2c00000)
  from space 19968K, 0% used [0x00000000e4000000,0x00000000e4000000,0x00000000e5380000)
  to   space 20480K, 0% used [0x00000000e2c00000,0x00000000e2c00000,0x00000000e4000000)
 ParOldGen       total 101888K, used 28529K [0x0000000080000000, 0x0000000086380000, 0x00000000d5580000)
  object space 101888K, 28% used [0x0000000080000000,0x0000000081bdc448,0x0000000086380000)
 Metaspace       used 62704K, capacity 65094K, committed 65368K, reserved 1105920K
  class space    used 8533K, capacity 8994K, committed 9088K, reserved 1048576K

Card table byte_map: [0x00000000129a0000,0x0000000012db0000] byte_map_base: 0x00000000125a0000

Marking Bits: (ParMarkBitMap*) 0x0000000056fef030
 Begin Bits: [0x0000000013860000, 0x0000000015860000)
 End Bits:   [0x0000000015860000, 0x0000000017860000)

Polling page: 0x0000000001860000

CodeCache: size=245760Kb used=18061Kb max_used=18068Kb free=227698Kb
 bounds [0x00000000035e0000, 0x00000000047a0000, 0x00000000125e0000]
 total_blobs=6065 nmethods=5261 adapters=716
 compilation: enabled

Compilation events (10 events):
Event: 12.175 Thread 0x000000001a4f6000 nmethod 5727 0x0000000004780f10 code [0x00000000047811e0, 0x00000000047826c8]
Event: 12.177 Thread 0x000000001a4f6000 5728       1       com.android.build.api.component.impl.ComponentPropertiesImpl::getTaskContainer (5 bytes)
Event: 12.177 Thread 0x000000001a4f6000 nmethod 5728 0x0000000004780c50 code [0x0000000004780da0, 0x0000000004780eb0]
Event: 12.177 Thread 0x000000001a4f6000 5729       3       org.gradle.api.internal.provider.DefaultPropertyFactory::property (13 bytes)
Event: 12.177 Thread 0x000000001a4f6000 nmethod 5729 0x0000000004782f90 code [0x00000000047831a0, 0x0000000004783d08]
Event: 12.180 Thread 0x000000001a4d0000 5730 %     4       org.objectweb.asm.ByteVector::encodeUtf8 @ 159 (337 bytes)
Event: 12.180 Thread 0x000000001a4f6000 5731       3       java.lang.String::toUpperCase (8 bytes)
Event: 12.180 Thread 0x000000001a4f6000 nmethod 5731 0x00000000047807d0 code [0x0000000004780940, 0x0000000004780ba8]
Event: 12.180 Thread 0x000000001a4f6000 5732       3       org.codehaus.groovy.runtime.MetaClassHelper::capitalize (64 bytes)
Event: 12.181 Thread 0x000000001a4f6000 nmethod 5732 0x00000000047843d0 code [0x00000000047846e0, 0x0000000004785e98]

GC Heap History (10 events):
Event: 6.985 GC heap before
{Heap before GC invocations=11 (full 2):
 PSYoungGen      total 137728K, used 11225K [0x00000000d5580000, 0x00000000e2280000, 0x0000000100000000)
  eden space 126464K, 0% used [0x00000000d5580000,0x00000000d5580000,0x00000000dd100000)
  from space 11264K, 99% used [0x00000000dd100000,0x00000000ddbf6600,0x00000000ddc00000)
  to   space 12800K, 0% used [0x00000000e1600000,0x00000000e1600000,0x00000000e2280000)
 ParOldGen       total 47616K, used 6951K [0x0000000080000000, 0x0000000082e80000, 0x00000000d5580000)
  object space 47616K, 14% used [0x0000000080000000,0x00000000806c9c78,0x0000000082e80000)
 Metaspace       used 34257K, capacity 35392K, committed 35416K, reserved 1079296K
  class space    used 4710K, capacity 4973K, committed 4992K, reserved 1048576K
Event: 7.060 GC heap after
Heap after GC invocations=11 (full 2):
 PSYoungGen      total 137728K, used 0K [0x00000000d5580000, 0x00000000e2280000, 0x0000000100000000)
  eden space 126464K, 0% used [0x00000000d5580000,0x00000000d5580000,0x00000000dd100000)
  from space 11264K, 0% used [0x00000000dd100000,0x00000000dd100000,0x00000000ddc00000)
  to   space 12800K, 0% used [0x00000000e1600000,0x00000000e1600000,0x00000000e2280000)
 ParOldGen       total 72704K, used 17654K [0x0000000080000000, 0x0000000084700000, 0x00000000d5580000)
  object space 72704K, 24% used [0x0000000080000000,0x000000008113db68,0x0000000084700000)
 Metaspace       used 34257K, capacity 35392K, committed 35416K, reserved 1079296K
  class space    used 4710K, capacity 4973K, committed 4992K, reserved 1048576K
}
Event: 8.739 GC heap before
{Heap before GC invocations=12 (full 2):
 PSYoungGen      total 137728K, used 126464K [0x00000000d5580000, 0x00000000e2280000, 0x0000000100000000)
  eden space 126464K, 100% used [0x00000000d5580000,0x00000000dd100000,0x00000000dd100000)
  from space 11264K, 0% used [0x00000000dd100000,0x00000000dd100000,0x00000000ddc00000)
  to   space 12800K, 0% used [0x00000000e1600000,0x00000000e1600000,0x00000000e2280000)
 ParOldGen       total 72704K, used 17654K [0x0000000080000000, 0x0000000084700000, 0x00000000d5580000)
  object space 72704K, 24% used [0x0000000080000000,0x000000008113db68,0x0000000084700000)
 Metaspace       used 40070K, capacity 41836K, committed 41944K, reserved 1085440K
  class space    used 5438K, capacity 5788K, committed 5888K, reserved 1048576K
Event: 8.749 GC heap after
Heap after GC invocations=12 (full 2):
 PSYoungGen      total 178688K, used 10234K [0x00000000d5580000, 0x00000000e2000000, 0x0000000100000000)
  eden space 168448K, 0% used [0x00000000d5580000,0x00000000d5580000,0x00000000dfa00000)
  from space 10240K, 99% used [0x00000000e1600000,0x00000000e1ffea68,0x00000000e2000000)
  to   space 13312K, 0% used [0x00000000e0600000,0x00000000e0600000,0x00000000e1300000)
 ParOldGen       total 72704K, used 17662K [0x0000000080000000, 0x0000000084700000, 0x00000000d5580000)
  object space 72704K, 24% used [0x0000000080000000,0x000000008113fb68,0x0000000084700000)
 Metaspace       used 40070K, capacity 41836K, committed 41944K, reserved 1085440K
  class space    used 5438K, capacity 5788K, committed 5888K, reserved 1048576K
}
Event: 10.925 GC heap before
{Heap before GC invocations=13 (full 2):
 PSYoungGen      total 178688K, used 178682K [0x00000000d5580000, 0x00000000e2000000, 0x0000000100000000)
  eden space 168448K, 100% used [0x00000000d5580000,0x00000000dfa00000,0x00000000dfa00000)
  from space 10240K, 99% used [0x00000000e1600000,0x00000000e1ffea68,0x00000000e2000000)
  to   space 13312K, 0% used [0x00000000e0600000,0x00000000e0600000,0x00000000e1300000)
 ParOldGen       total 72704K, used 17662K [0x0000000080000000, 0x0000000084700000, 0x00000000d5580000)
  object space 72704K, 24% used [0x0000000080000000,0x000000008113fb68,0x0000000084700000)
 Metaspace       used 56342K, capacity 58588K, committed 58840K, reserved 1099776K
  class space    used 7505K, capacity 7934K, committed 7936K, reserved 1048576K
Event: 10.951 GC heap after
Heap after GC invocations=13 (full 2):
 PSYoungGen      total 194048K, used 13282K [0x00000000d5580000, 0x00000000e5380000, 0x0000000100000000)
  eden space 180736K, 0% used [0x00000000d5580000,0x00000000d5580000,0x00000000e0600000)
  from space 13312K, 99% used [0x00000000e0600000,0x00000000e12f8838,0x00000000e1300000)
  to   space 19968K, 0% used [0x00000000e4000000,0x00000000e4000000,0x00000000e5380000)
 ParOldGen       total 72704K, used 31403K [0x0000000080000000, 0x0000000084700000, 0x00000000d5580000)
  object space 72704K, 43% used [0x0000000080000000,0x0000000081eaaca8,0x0000000084700000)
 Metaspace       used 56342K, capacity 58588K, committed 58840K, reserved 1099776K
  class space    used 7505K, capacity 7934K, committed 7936K, reserved 1048576K
}
Event: 10.995 GC heap before
{Heap before GC invocations=14 (full 2):
 PSYoungGen      total 194048K, used 16645K [0x00000000d5580000, 0x00000000e5380000, 0x0000000100000000)
  eden space 180736K, 1% used [0x00000000d5580000,0x00000000d58c8e68,0x00000000e0600000)
  from space 13312K, 99% used [0x00000000e0600000,0x00000000e12f8838,0x00000000e1300000)
  to   space 19968K, 0% used [0x00000000e4000000,0x00000000e4000000,0x00000000e5380000)
 ParOldGen       total 72704K, used 31403K [0x0000000080000000, 0x0000000084700000, 0x00000000d5580000)
  object space 72704K, 43% used [0x0000000080000000,0x0000000081eaaca8,0x0000000084700000)
 Metaspace       used 56623K, capacity 58844K, committed 58968K, reserved 1099776K
  class space    used 7563K, capacity 7998K, committed 8064K, reserved 1048576K
Event: 11.003 GC heap after
Heap after GC invocations=14 (full 2):
 PSYoungGen      total 239616K, used 480K [0x00000000d5580000, 0x00000000e7980000, 0x0000000100000000)
  eden space 219648K, 0% used [0x00000000d5580000,0x00000000d5580000,0x00000000e2c00000)
  from space 19968K, 2% used [0x00000000e4000000,0x00000000e4078000,0x00000000e5380000)
  to   space 20480K, 0% used [0x00000000e2c00000,0x00000000e2c00000,0x00000000e4000000)
 ParOldGen       total 72704K, used 41742K [0x0000000080000000, 0x0000000084700000, 0x00000000d5580000)
  object space 72704K, 57% used [0x0000000080000000,0x00000000828c39a0,0x0000000084700000)
 Metaspace       used 56623K, capacity 58844K, committed 58968K, reserved 1099776K
  class space    used 7563K, capacity 7998K, committed 8064K, reserved 1048576K
}
Event: 11.004 GC heap before
{Heap before GC invocations=15 (full 3):
 PSYoungGen      total 239616K, used 480K [0x00000000d5580000, 0x00000000e7980000, 0x0000000100000000)
  eden space 219648K, 0% used [0x00000000d5580000,0x00000000d5580000,0x00000000e2c00000)
  from space 19968K, 2% used [0x00000000e4000000,0x00000000e4078000,0x00000000e5380000)
  to   space 20480K, 0% used [0x00000000e2c00000,0x00000000e2c00000,0x00000000e4000000)
 ParOldGen       total 72704K, used 41742K [0x0000000080000000, 0x0000000084700000, 0x00000000d5580000)
  object space 72704K, 57% used [0x0000000080000000,0x00000000828c39a0,0x0000000084700000)
 Metaspace       used 56623K, capacity 58844K, committed 58968K, reserved 1099776K
  class space    used 7563K, capacity 7998K, committed 8064K, reserved 1048576K
Event: 11.252 GC heap after
Heap after GC invocations=15 (full 3):
 PSYoungGen      total 239616K, used 0K [0x00000000d5580000, 0x00000000e7980000, 0x0000000100000000)
  eden space 219648K, 0% used [0x00000000d5580000,0x00000000d5580000,0x00000000e2c00000)
  from space 19968K, 0% used [0x00000000e4000000,0x00000000e4000000,0x00000000e5380000)
  to   space 20480K, 0% used [0x00000000e2c00000,0x00000000e2c00000,0x00000000e4000000)
 ParOldGen       total 101888K, used 28529K [0x0000000080000000, 0x0000000086380000, 0x00000000d5580000)
  object space 101888K, 28% used [0x0000000080000000,0x0000000081bdc448,0x0000000086380000)
 Metaspace       used 56540K, capacity 58588K, committed 58968K, reserved 1099776K
  class space    used 7537K, capacity 7960K, committed 8064K, reserved 1048576K
}

Deoptimization events (10 events):
Event: 11.614 Thread 0x000000001cd5a000 Uncommon trap: reason=unstable_if action=reinterpret pc=0x00000000040887d0 method=java.io.WinNTFileSystem.normalize(Ljava/lang/String;)Ljava/lang/String; @ 74
Event: 11.614 Thread 0x000000001cd5a000 Uncommon trap: reason=unstable_if action=reinterpret pc=0x0000000003bf3fac method=java.io.WinNTFileSystem.normalize(Ljava/lang/String;II)Ljava/lang/String; @ 103
Event: 11.793 Thread 0x000000001cd5a000 Uncommon trap: reason=bimorphic action=maybe_recompile pc=0x00000000037742d4 method=java.util.regex.Pattern$5.isSatisfiedBy(I)Z @ 16
Event: 11.793 Thread 0x000000001cd5a000 Uncommon trap: reason=bimorphic action=maybe_recompile pc=0x00000000037742d4 method=java.util.regex.Pattern$5.isSatisfiedBy(I)Z @ 16
Event: 11.793 Thread 0x000000001cd5a000 Uncommon trap: reason=bimorphic action=maybe_recompile pc=0x00000000037742d4 method=java.util.regex.Pattern$5.isSatisfiedBy(I)Z @ 16
Event: 11.793 Thread 0x000000001cd5a000 Uncommon trap: reason=bimorphic action=maybe_recompile pc=0x00000000037742d4 method=java.util.regex.Pattern$5.isSatisfiedBy(I)Z @ 16
Event: 12.052 Thread 0x000000001cd5a000 Uncommon trap: reason=unstable_if action=reinterpret pc=0x0000000003be8428 method=java.util.regex.Pattern$BmpCharProperty.match(Ljava/util/regex/Matcher;ILjava/lang/CharSequence;)Z @ 34
Event: 12.058 Thread 0x000000001cd5a000 Uncommon trap: reason=unstable_if action=reinterpret pc=0x0000000003d02518 method=com.sun.org.apache.xerces.internal.impl.XMLEntityScanner.scanLiteral(ILcom/sun/org/apache/xerces/internal/xni/XMLString;Z)I @ 660
Event: 12.108 Thread 0x000000001cd5a000 Uncommon trap: reason=unstable_if action=reinterpret pc=0x000000000443c918 method=com.google.gson.stream.JsonReader.doPeek()I @ 315
Event: 12.177 Thread 0x000000001cd5a000 Uncommon trap: reason=unstable_if action=reinterpret pc=0x000000000453a228 method=java.lang.String.lastIndexOf([CII[CIII)I @ 118

Classes redefined (0 events):
No events

Internal exceptions (10 events):
Event: 11.818 Thread 0x000000001cd5a000 Exception <a 'java/lang/ClassNotFoundException': com/sun/org/glassfish/hk2/osgiresourcelocator/ServiceLoader> (0x00000000d7fdbda0) thrown at [C:\src\AOSP-openjdk-git\hotspot\src\share\vm\classfile\systemDictionary.cpp, line 210]
Event: 11.880 Thread 0x000000001cd5a000 Exception <a 'java/lang/NullPointerException'> (0x00000000d88a1ed0) thrown at [C:\src\AOSP-openjdk-git\hotspot\src\share\vm\interpreter\linkResolver.cpp, line 1287]
Event: 12.125 Thread 0x000000001cd5a000 Exception <a 'java/lang/ClassNotFoundException': org/gradle/api/internal/file/collections/DefaultConfigurableFileTreeBeanInfo> (0x00000000d9de9160) thrown at [C:\src\AOSP-openjdk-git\hotspot\src\share\vm\classfile\systemDictionary.cpp, line 210]
Event: 12.125 Thread 0x000000001cd5a000 Exception <a 'java/lang/ClassNotFoundException': org/gradle/api/internal/file/CompositeFileTreeBeanInfo> (0x00000000d9e02650) thrown at [C:\src\AOSP-openjdk-git\hotspot\src\share\vm\classfile\systemDictionary.cpp, line 210]
Event: 12.126 Thread 0x000000001cd5a000 Exception <a 'java/lang/ClassNotFoundException': org/gradle/api/internal/file/CompositeFileCollectionBeanInfo> (0x00000000d9e1d900) thrown at [C:\src\AOSP-openjdk-git\hotspot\src\share\vm\classfile\systemDictionary.cpp, line 210]
Event: 12.126 Thread 0x000000001cd5a000 Exception <a 'java/lang/ClassNotFoundException': org/gradle/api/internal/file/AbstractFileCollectionBeanInfo> (0x00000000d9e38bb0) thrown at [C:\src\AOSP-openjdk-git\hotspot\src\share\vm\classfile\systemDictionary.cpp, line 210]
Event: 12.127 Thread 0x000000001cd5a000 Exception <a 'java/lang/ClassNotFoundException': org/gradle/api/internal/file/AbstractFileCollectionCustomizer> (0x00000000d9e54460) thrown at [C:\src\AOSP-openjdk-git\hotspot\src\share\vm\classfile\systemDictionary.cpp, line 210]
Event: 12.128 Thread 0x000000001cd5a000 Exception <a 'java/lang/ClassNotFoundException': org/gradle/api/internal/file/CompositeFileCollectionCustomizer> (0x00000000d9e811a8) thrown at [C:\src\AOSP-openjdk-git\hotspot\src\share\vm\classfile\systemDictionary.cpp, line 210]
Event: 12.129 Thread 0x000000001cd5a000 Exception <a 'java/lang/ClassNotFoundException': org/gradle/api/internal/file/CompositeFileTreeCustomizer> (0x00000000d9ea73c8) thrown at [C:\src\AOSP-openjdk-git\hotspot\src\share\vm\classfile\systemDictionary.cpp, line 210]
Event: 12.130 Thread 0x000000001cd5a000 Exception <a 'java/lang/ClassNotFoundException': org/gradle/api/internal/file/collections/DefaultConfigurableFileTreeCustomizer> (0x00000000d9ed3f50) thrown at [C:\src\AOSP-openjdk-git\hotspot\src\share\vm\classfile\systemDictionary.cpp, line 210]

Events (10 events):
Event: 12.171 loading class com/android/build/gradle/internal/scope/InternalArtifactType$COMPILE_BUILD_CONFIG_JAR done
Event: 12.171 loading class org/gradle/api/internal/artifacts/dsl/ArtifactFile
Event: 12.171 loading class org/gradle/api/internal/artifacts/dsl/ArtifactFile done
Event: 12.171 loading class org/gradle/api/internal/artifacts/publish/DefaultPublishArtifact
Event: 12.171 loading class org/gradle/api/internal/artifacts/publish/DefaultPublishArtifact done
Event: 12.177 Thread 0x000000001cd5a000 Uncommon trap: trap_request=0xffffff65 fr.pc=0x000000000453a228
Event: 12.177 Thread 0x000000001cd5a000 DEOPT PACKING pc=0x000000000453a228 sp=0x000000001e97b160
Event: 12.177 Thread 0x000000001cd5a000 DEOPT UNPACKING pc=0x000000000362557b sp=0x000000001e97aff0 mode 2
Event: 12.178 loading class com/android/build/gradle/internal/packaging/JarCreatorType
Event: 12.178 loading class com/android/build/gradle/internal/packaging/JarCreatorType done


Dynamic libraries:
0x00007ff68a0d0000 - 0x00007ff68a101000 	C:\Program Files\Android\Android Studio\jre\bin\java.exe
0x00007ffc21b60000 - 0x00007ffc21d50000 	C:\WINDOWS\SYSTEM32\ntdll.dll
0x00007ffc211d0000 - 0x00007ffc21282000 	C:\WINDOWS\System32\KERNEL32.DLL
0x00007ffc1eda0000 - 0x00007ffc1f045000 	C:\WINDOWS\System32\KERNELBASE.dll
0x00007ffc21290000 - 0x00007ffc21333000 	C:\WINDOWS\System32\ADVAPI32.dll
0x00007ffc21340000 - 0x00007ffc213de000 	C:\WINDOWS\System32\msvcrt.dll
0x00007ffc207b0000 - 0x00007ffc20847000 	C:\WINDOWS\System32\sechost.dll
0x00007ffc203e0000 - 0x00007ffc20500000 	C:\WINDOWS\System32\RPCRT4.dll
0x00007ffc20500000 - 0x00007ffc20694000 	C:\WINDOWS\System32\USER32.dll
0x00007ffc1f7e0000 - 0x00007ffc1f801000 	C:\WINDOWS\System32\win32u.dll
0x00007ffc20850000 - 0x00007ffc20876000 	C:\WINDOWS\System32\GDI32.dll
0x00007ffc1eb00000 - 0x00007ffc1ec96000 	C:\WINDOWS\System32\gdi32full.dll
0x00007ffc1ed00000 - 0x00007ffc1ed9e000 	C:\WINDOWS\System32\msvcp_win.dll
0x00007ffc1fa60000 - 0x00007ffc1fb5a000 	C:\WINDOWS\System32\ucrtbase.dll
0x00007ffc0a250000 - 0x00007ffc0a4d4000 	C:\WINDOWS\WinSxS\amd64_microsoft.windows.common-controls_6595b64144ccf1df_6.0.18362.1256_none_9e7e379be45e40e2\COMCTL32.dll
0x00007ffc20b00000 - 0x00007ffc20e36000 	C:\WINDOWS\System32\combase.dll
0x00007ffc1f810000 - 0x00007ffc1f891000 	C:\WINDOWS\System32\bcryptPrimitives.dll
0x00007ffc20780000 - 0x00007ffc207ae000 	C:\WINDOWS\System32\IMM32.DLL
0x0000000055cd0000 - 0x0000000055da2000 	C:\Program Files\Android\Android Studio\jre\jre\bin\msvcr100.dll
0x0000000056820000 - 0x000000005706b000 	C:\Program Files\Android\Android Studio\jre\jre\bin\server\jvm.dll
0x00007ffc21a60000 - 0x00007ffc21a68000 	C:\WINDOWS\System32\PSAPI.DLL
0x00007ffc12090000 - 0x00007ffc1209a000 	C:\WINDOWS\SYSTEM32\VERSION.dll
0x00007ffc0c2d0000 - 0x00007ffc0c2d9000 	C:\WINDOWS\SYSTEM32\WSOCK32.dll
0x00007ffc1b1f0000 - 0x00007ffc1b214000 	C:\WINDOWS\SYSTEM32\WINMM.dll
0x00007ffc21090000 - 0x00007ffc210ff000 	C:\WINDOWS\System32\WS2_32.dll
0x00007ffc1b1c0000 - 0x00007ffc1b1ed000 	C:\WINDOWS\SYSTEM32\winmmbase.dll
0x00007ffc1f8a0000 - 0x00007ffc1f8ea000 	C:\WINDOWS\System32\cfgmgr32.dll
0x00007ffc17b90000 - 0x00007ffc17b9f000 	C:\Program Files\Android\Android Studio\jre\jre\bin\verify.dll
0x00007ffc179a0000 - 0x00007ffc179c9000 	C:\Program Files\Android\Android Studio\jre\jre\bin\java.dll
0x00007ffc121e0000 - 0x00007ffc121f6000 	C:\Program Files\Android\Android Studio\jre\jre\bin\zip.dll
0x00007ffc1fc10000 - 0x00007ffc202f7000 	C:\WINDOWS\System32\SHELL32.dll
0x00007ffc21850000 - 0x00007ffc218f9000 	C:\WINDOWS\System32\shcore.dll
0x00007ffc1f050000 - 0x00007ffc1f7d1000 	C:\WINDOWS\System32\windows.storage.dll
0x00007ffc1eaa0000 - 0x00007ffc1eac3000 	C:\WINDOWS\System32\profapi.dll
0x00007ffc1ea10000 - 0x00007ffc1ea5a000 	C:\WINDOWS\System32\powrprof.dll
0x00007ffc1ea00000 - 0x00007ffc1ea10000 	C:\WINDOWS\System32\UMPDC.dll
0x00007ffc21020000 - 0x00007ffc21072000 	C:\WINDOWS\System32\shlwapi.dll
0x00007ffc1ea80000 - 0x00007ffc1ea91000 	C:\WINDOWS\System32\kernel.appcore.dll
0x00007ffc1f8f0000 - 0x00007ffc1f907000 	C:\WINDOWS\System32\cryptsp.dll
0x00007ffc11900000 - 0x00007ffc1191a000 	C:\Program Files\Android\Android Studio\jre\jre\bin\net.dll
0x00007ffc1e250000 - 0x00007ffc1e2b7000 	C:\WINDOWS\system32\mswsock.dll
0x00007ffc11480000 - 0x00007ffc11493000 	C:\Program Files\Android\Android Studio\jre\jre\bin\nio.dll
0x00007ffc0e950000 - 0x00007ffc0e977000 	C:\Users\kckc0\.gradle\native\f6784746aeab05261644944871eae4fe03e0ef1612fff0a4a95f87b438bc6780\windows-amd64\native-platform.dll
0x00007ffc14850000 - 0x00007ffc1485d000 	C:\Program Files\Android\Android Studio\jre\jre\bin\management.dll
0x00007ffc1dd50000 - 0x00007ffc1dd83000 	C:\WINDOWS\system32\rsaenh.dll
0x00007ffc1ead0000 - 0x00007ffc1eaf6000 	C:\WINDOWS\System32\bcrypt.dll
0x00007ffc1e920000 - 0x00007ffc1e945000 	C:\WINDOWS\SYSTEM32\USERENV.dll
0x00007ffc1e420000 - 0x00007ffc1e42c000 	C:\WINDOWS\SYSTEM32\CRYPTBASE.dll
0x00007ffc1df40000 - 0x00007ffc1df7a000 	C:\WINDOWS\SYSTEM32\IPHLPAPI.DLL
0x00007ffc21080000 - 0x00007ffc21088000 	C:\WINDOWS\System32\NSI.dll
0x00007ffc17bf0000 - 0x00007ffc17c06000 	C:\WINDOWS\SYSTEM32\dhcpcsvc6.DLL
0x00007ffc17d00000 - 0x00007ffc17d1c000 	C:\WINDOWS\SYSTEM32\dhcpcsvc.DLL
0x00007ffc1df80000 - 0x00007ffc1e04b000 	C:\WINDOWS\SYSTEM32\DNSAPI.dll
0x00007ffc18cf0000 - 0x00007ffc18cfb000 	C:\WINDOWS\SYSTEM32\WINNSI.DLL

VM Arguments:
jvm_args: -Xmx2048m -Dfile.encoding=UTF-8 -Duser.country=KR -Duser.language=ko -Duser.variant 
java_command: org.gradle.launcher.daemon.bootstrap.GradleDaemon 6.5
java_class_path (initial): C:\Users\kckc0\.gradle\wrapper\dists\gradle-6.5-bin\6nifqtx7604sqp1q6g8wikw7p\gradle-6.5\lib\gradle-launcher-6.5.jar
Launcher Type: SUN_STANDARD

Environment Variables:
JAVA_HOME=C:\Program Files\Java\jdk-14.0.2
PATH=C:\Program Files (x86)\Intel\iCLS Client\;C:\Program Files\Intel\iCLS Client\;C:\WINDOWS\system32;C:\WINDOWS;C:\WINDOWS\System32\Wbem;C:\WINDOWS\System32\WindowsPowerShell\v1.0\;C:\WINDOWS\System32\OpenSSH\;C:\Program Files (x86)\Intel\Intel(R) Management Engine Components\DAL;C:\Program Files\Intel\Intel(R) Management Engine Components\DAL;C:\Program Files (x86)\Intel\Intel(R) Management Engine Components\IPT;C:\Program Files\Intel\Intel(R) Management Engine Components\IPT;C:\MinGW\bin;C:\Program Files\Java\jdk-14.0.2\bin\;C:\Users\kckc0\Desktop\dex2jar-2.x;C:\Program Files\Git\cmd;C:\Users\kckc0\anaconda3;C:\Users\kckc0\anaconda3\Library\mingw-w64\bin;C:\Users\kckc0\anaconda3\Library\usr\bin;C:\Users\kckc0\anaconda3\Library\bin;C:\Users\kckc0\anaconda3\Scripts;C:\Users\kckc0\AppData\Local\Programs\Python\Python38\Scripts\;C:\Users\kckc0\AppData\Local\Programs\Python\Python38\;C:\Users\kckc0\AppData\Local\Microsoft\WindowsApps;C:\Program Files\JetBrains\PyCharm Community Edition 2020.2.2\bin;C:\Users\kckc0\AppData\Local\Programs\Microsoft VS Code\bin;C:\Users\kckc0\AppData\Local\atom\bin;C:\Program Files\JetBrains\CLion 2020.2.3\bin;;C:\Users\kckc0\AppData\Local\GitHubDesktop\bin
USERNAME=kckc0
OS=Windows_NT
PROCESSOR_IDENTIFIER=Intel64 Family 6 Model 142 Stepping 10, GenuineIntel



---------------  S Y S T E M  ---------------

OS: Windows 10.0 , 64 bit Build 18362 (10.0.18362.1110)

CPU:total 8 (initial active 8) (4 cores per cpu, 2 threads per core) family 6 model 142 stepping 10, cmov, cx8, fxsr, mmx, sse, sse2, sse3, ssse3, sse4.1, sse4.2, popcnt, avx, avx2, aes, clmul, erms, 3dnowpref, lzcnt, ht, tsc, tscinvbit, bmi1, bmi2, adx

Memory: 4k page, physical 8217940k(1949848k free), swap 33383764k(5176k free)

vm_info: OpenJDK 64-Bit Server VM (25.242-b01) for windows-amd64 JRE (1.8.0_242-release-1644-b01), built by "builder" with MS VC++ 10.0 (VS2010)

time: Sat Jan 02 18:05:39 2021
timezone: 대한민국 표준시
elapsed time: 12 seconds (0d 0h 0m 12s)

